<?xml version="1.0" encoding="utf-8"?>
<coverage line-rate="0.552" branch-rate="0.493" version="1.9" timestamp="1776851110" lines-covered="1050" lines-valid="1902" branches-covered="393" branches-valid="797">
  <sources>
    <source>C:\Users\comp\Documents\GitHub\ToPL\src\</source>
  </sources>
  <packages>
    <package name="Ast" line-rate="0.3666" branch-rate="1" complexity="84">
      <classes>
        <class name="Ast.Statements.AssignmentStatement" filename="Ast\Statements\AssignmentStatement.cs" line-rate="0" branch-rate="1" complexity="4">
          <methods>
            <method name="get_Name" signature="()" line-rate="0" branch-rate="1" complexity="1">
              <lines>
                <line number="7" hits="0" branch="False" />
              </lines>
            </method>
            <method name="get_Value" signature="()" line-rate="0" branch-rate="1" complexity="1">
              <lines>
                <line number="9" hits="0" branch="False" />
              </lines>
            </method>
            <method name="Accept" signature="(Ast.IAstVisitor)" line-rate="0" branch-rate="1" complexity="1">
              <lines>
                <line number="12" hits="0" branch="False" />
                <line number="13" hits="0" branch="False" />
                <line number="14" hits="0" branch="False" />
              </lines>
            </method>
            <method name=".ctor" signature="(System.String,Ast.Expressions.Expression)" line-rate="0" branch-rate="1" complexity="1">
              <lines>
                <line number="5" hits="0" branch="False" />
              </lines>
            </method>
          </methods>
          <lines>
            <line number="7" hits="0" branch="False" />
            <line number="9" hits="0" branch="False" />
            <line number="12" hits="0" branch="False" />
            <line number="13" hits="0" branch="False" />
            <line number="14" hits="0" branch="False" />
            <line number="5" hits="0" branch="False" />
          </lines>
        </class>
        <class name="Ast.Statements.BreakStatement" filename="Ast\Statements\BreakStatement.cs" line-rate="0" branch-rate="1" complexity="1">
          <methods>
            <method name="Accept" signature="(Ast.IAstVisitor)" line-rate="0" branch-rate="1" complexity="1">
              <lines>
                <line number="6" hits="0" branch="False" />
                <line number="7" hits="0" branch="False" />
                <line number="8" hits="0" branch="False" />
              </lines>
            </method>
          </methods>
          <lines>
            <line number="6" hits="0" branch="False" />
            <line number="7" hits="0" branch="False" />
            <line number="8" hits="0" branch="False" />
          </lines>
        </class>
        <class name="Ast.Statements.ContinueStatement" filename="Ast\Statements\ContinueStatement.cs" line-rate="0" branch-rate="1" complexity="1">
          <methods>
            <method name="Accept" signature="(Ast.IAstVisitor)" line-rate="0" branch-rate="1" complexity="1">
              <lines>
                <line number="6" hits="0" branch="False" />
                <line number="7" hits="0" branch="False" />
                <line number="8" hits="0" branch="False" />
              </lines>
            </method>
          </methods>
          <lines>
            <line number="6" hits="0" branch="False" />
            <line number="7" hits="0" branch="False" />
            <line number="8" hits="0" branch="False" />
          </lines>
        </class>
        <class name="Ast.Statements.EmptyStatement" filename="Ast\Statements\EmptyStatement.cs" line-rate="0" branch-rate="1" complexity="1">
          <methods>
            <method name="Accept" signature="(Ast.IAstVisitor)" line-rate="0" branch-rate="1" complexity="1">
              <lines>
                <line number="6" hits="0" branch="False" />
                <line number="7" hits="0" branch="False" />
                <line number="8" hits="0" branch="False" />
              </lines>
            </method>
          </methods>
          <lines>
            <line number="6" hits="0" branch="False" />
            <line number="7" hits="0" branch="False" />
            <line number="8" hits="0" branch="False" />
          </lines>
        </class>
        <class name="Ast.Statements.ForLoopStatement" filename="Ast\Statements\ForLoopStatement.cs" line-rate="0" branch-rate="1" complexity="8">
          <methods>
            <method name="get_IteratorName" signature="()" line-rate="0" branch-rate="1" complexity="1">
              <lines>
                <line number="13" hits="0" branch="False" />
              </lines>
            </method>
            <method name="get_StartValue" signature="()" line-rate="0" branch-rate="1" complexity="1">
              <lines>
                <line number="15" hits="0" branch="False" />
              </lines>
            </method>
            <method name="get_EndCondition" signature="()" line-rate="0" branch-rate="1" complexity="1">
              <lines>
                <line number="17" hits="0" branch="False" />
              </lines>
            </method>
            <method name="get_StepValueExpression" signature="()" line-rate="0" branch-rate="1" complexity="1">
              <lines>
                <line number="19" hits="0" branch="False" />
              </lines>
            </method>
            <method name="get_Body" signature="()" line-rate="0" branch-rate="1" complexity="1">
              <lines>
                <line number="21" hits="0" branch="False" />
              </lines>
            </method>
            <method name="Accept" signature="(Ast.IAstVisitor)" line-rate="0" branch-rate="1" complexity="1">
              <lines>
                <line number="24" hits="0" branch="False" />
                <line number="25" hits="0" branch="False" />
                <line number="26" hits="0" branch="False" />
              </lines>
            </method>
            <method name="AcceptWithReturn" signature="(Ast.IAstVisitor)" line-rate="0" branch-rate="1" complexity="1">
              <lines>
                <line number="29" hits="0" branch="False" />
                <line number="30" hits="0" branch="False" />
                <line number="31" hits="0" branch="False" />
              </lines>
            </method>
            <method name=".ctor" signature="(System.String,Ast.Expressions.Expression,Ast.Expressions.Expression,Ast.Expressions.Expression,Ast.Statements.ScopeStatement)" line-rate="0" branch-rate="1" complexity="1">
              <lines>
                <line number="5" hits="0" branch="False" />
                <line number="6" hits="0" branch="False" />
                <line number="7" hits="0" branch="False" />
                <line number="8" hits="0" branch="False" />
                <line number="9" hits="0" branch="False" />
                <line number="10" hits="0" branch="False" />
              </lines>
            </method>
          </methods>
          <lines>
            <line number="13" hits="0" branch="False" />
            <line number="15" hits="0" branch="False" />
            <line number="17" hits="0" branch="False" />
            <line number="19" hits="0" branch="False" />
            <line number="21" hits="0" branch="False" />
            <line number="24" hits="0" branch="False" />
            <line number="25" hits="0" branch="False" />
            <line number="26" hits="0" branch="False" />
            <line number="29" hits="0" branch="False" />
            <line number="30" hits="0" branch="False" />
            <line number="31" hits="0" branch="False" />
            <line number="5" hits="0" branch="False" />
            <line number="6" hits="0" branch="False" />
            <line number="7" hits="0" branch="False" />
            <line number="8" hits="0" branch="False" />
            <line number="9" hits="0" branch="False" />
            <line number="10" hits="0" branch="False" />
          </lines>
        </class>
        <class name="Ast.Statements.IfElseStatement" filename="Ast\Statements\IfElseStatement.cs" line-rate="0" branch-rate="1" complexity="6">
          <methods>
            <method name="get_Condition" signature="()" line-rate="0" branch-rate="1" complexity="1">
              <lines>
                <line number="8" hits="0" branch="False" />
              </lines>
            </method>
            <method name="get_ThenBranch" signature="()" line-rate="0" branch-rate="1" complexity="1">
              <lines>
                <line number="10" hits="0" branch="False" />
              </lines>
            </method>
            <method name="get_ElseBranch" signature="()" line-rate="0" branch-rate="1" complexity="1">
              <lines>
                <line number="12" hits="0" branch="False" />
              </lines>
            </method>
            <method name="Accept" signature="(Ast.IAstVisitor)" line-rate="0" branch-rate="1" complexity="1">
              <lines>
                <line number="15" hits="0" branch="False" />
                <line number="16" hits="0" branch="False" />
                <line number="17" hits="0" branch="False" />
              </lines>
            </method>
            <method name="AcceptWithReturn" signature="(Ast.IAstVisitor)" line-rate="0" branch-rate="1" complexity="1">
              <lines>
                <line number="20" hits="0" branch="False" />
                <line number="21" hits="0" branch="False" />
                <line number="22" hits="0" branch="False" />
              </lines>
            </method>
            <method name=".ctor" signature="(Ast.Expressions.Expression,Ast.Statements.ScopeStatement,Ast.Statements.ScopeStatement)" line-rate="0" branch-rate="1" complexity="1">
              <lines>
                <line number="5" hits="0" branch="False" />
              </lines>
            </method>
          </methods>
          <lines>
            <line number="8" hits="0" branch="False" />
            <line number="10" hits="0" branch="False" />
            <line number="12" hits="0" branch="False" />
            <line number="15" hits="0" branch="False" />
            <line number="16" hits="0" branch="False" />
            <line number="17" hits="0" branch="False" />
            <line number="20" hits="0" branch="False" />
            <line number="21" hits="0" branch="False" />
            <line number="22" hits="0" branch="False" />
            <line number="5" hits="0" branch="False" />
          </lines>
        </class>
        <class name="Ast.Statements.InputStatement" filename="Ast\Statements\InputStatement.cs" line-rate="0" branch-rate="1" complexity="3">
          <methods>
            <method name="get_Names" signature="()" line-rate="0" branch-rate="1" complexity="1">
              <lines>
                <line number="5" hits="0" branch="False" />
              </lines>
            </method>
            <method name="Accept" signature="(Ast.IAstVisitor)" line-rate="0" branch-rate="1" complexity="1">
              <lines>
                <line number="8" hits="0" branch="False" />
                <line number="9" hits="0" branch="False" />
                <line number="10" hits="0" branch="False" />
              </lines>
            </method>
            <method name=".ctor" signature="(System.Collections.Generic.List`1&lt;System.String&gt;)" line-rate="0" branch-rate="1" complexity="1">
              <lines>
                <line number="3" hits="0" branch="False" />
              </lines>
            </method>
          </methods>
          <lines>
            <line number="5" hits="0" branch="False" />
            <line number="8" hits="0" branch="False" />
            <line number="9" hits="0" branch="False" />
            <line number="10" hits="0" branch="False" />
            <line number="3" hits="0" branch="False" />
          </lines>
        </class>
        <class name="Ast.Statements.OutputStatement" filename="Ast\Statements\OutputStatement.cs" line-rate="1" branch-rate="1" complexity="3">
          <methods>
            <method name="get_Expressions" signature="()" line-rate="1" branch-rate="1" complexity="1">
              <lines>
                <line number="7" hits="4" branch="False" />
              </lines>
            </method>
            <method name="Accept" signature="(Ast.IAstVisitor)" line-rate="1" branch-rate="1" complexity="1">
              <lines>
                <line number="10" hits="4" branch="False" />
                <line number="11" hits="4" branch="False" />
                <line number="12" hits="4" branch="False" />
              </lines>
            </method>
            <method name=".ctor" signature="(System.Collections.Generic.List`1&lt;Ast.Expressions.Expression&gt;)" line-rate="1" branch-rate="1" complexity="1">
              <lines>
                <line number="5" hits="4" branch="False" />
              </lines>
            </method>
          </methods>
          <lines>
            <line number="7" hits="4" branch="False" />
            <line number="10" hits="4" branch="False" />
            <line number="11" hits="4" branch="False" />
            <line number="12" hits="4" branch="False" />
            <line number="5" hits="4" branch="False" />
          </lines>
        </class>
        <class name="Ast.Statements.ReturnStatement" filename="Ast\Statements\ReturnStatement.cs" line-rate="1" branch-rate="1" complexity="3">
          <methods>
            <method name="get_Value" signature="()" line-rate="1" branch-rate="1" complexity="1">
              <lines>
                <line number="7" hits="114" branch="False" />
              </lines>
            </method>
            <method name="Accept" signature="(Ast.IAstVisitor)" line-rate="1" branch-rate="1" complexity="1">
              <lines>
                <line number="10" hits="57" branch="False" />
                <line number="11" hits="57" branch="False" />
                <line number="12" hits="57" branch="False" />
              </lines>
            </method>
            <method name=".ctor" signature="(Ast.Expressions.Expression)" line-rate="1" branch-rate="1" complexity="1">
              <lines>
                <line number="5" hits="57" branch="False" />
              </lines>
            </method>
          </methods>
          <lines>
            <line number="7" hits="114" branch="False" />
            <line number="10" hits="57" branch="False" />
            <line number="11" hits="57" branch="False" />
            <line number="12" hits="57" branch="False" />
            <line number="5" hits="57" branch="False" />
          </lines>
        </class>
        <class name="Ast.Statements.ScopeStatement" filename="Ast\Statements\ScopeStatement.cs" line-rate="0.625" branch-rate="1" complexity="4">
          <methods>
            <method name="get_Statements" signature="()" line-rate="1" branch-rate="1" complexity="1">
              <lines>
                <line number="5" hits="57" branch="False" />
              </lines>
            </method>
            <method name="Accept" signature="(Ast.IAstVisitor)" line-rate="1" branch-rate="1" complexity="1">
              <lines>
                <line number="8" hits="57" branch="False" />
                <line number="9" hits="57" branch="False" />
                <line number="10" hits="57" branch="False" />
              </lines>
            </method>
            <method name="AcceptWithReturn" signature="(Ast.IAstVisitor)" line-rate="0" branch-rate="1" complexity="1">
              <lines>
                <line number="13" hits="0" branch="False" />
                <line number="14" hits="0" branch="False" />
                <line number="15" hits="0" branch="False" />
              </lines>
            </method>
            <method name=".ctor" signature="(System.Collections.Generic.List`1&lt;Ast.AstNode&gt;)" line-rate="1" branch-rate="1" complexity="1">
              <lines>
                <line number="3" hits="57" branch="False" />
              </lines>
            </method>
          </methods>
          <lines>
            <line number="5" hits="57" branch="False" />
            <line number="8" hits="57" branch="False" />
            <line number="9" hits="57" branch="False" />
            <line number="10" hits="57" branch="False" />
            <line number="13" hits="0" branch="False" />
            <line number="14" hits="0" branch="False" />
            <line number="15" hits="0" branch="False" />
            <line number="3" hits="57" branch="False" />
          </lines>
        </class>
        <class name="Ast.Statements.SwitchStatement" filename="Ast\Statements\SwitchStatement.cs" line-rate="0" branch-rate="1" complexity="6">
          <methods>
            <method name="get_Expression" signature="()" line-rate="0" branch-rate="1" complexity="1">
              <lines>
                <line number="11" hits="0" branch="False" />
              </lines>
            </method>
            <method name="get_Cases" signature="()" line-rate="0" branch-rate="1" complexity="1">
              <lines>
                <line number="13" hits="0" branch="False" />
              </lines>
            </method>
            <method name="get_DefaultCase" signature="()" line-rate="0" branch-rate="1" complexity="1">
              <lines>
                <line number="15" hits="0" branch="False" />
              </lines>
            </method>
            <method name="Accept" signature="(Ast.IAstVisitor)" line-rate="0" branch-rate="1" complexity="1">
              <lines>
                <line number="18" hits="0" branch="False" />
                <line number="19" hits="0" branch="False" />
                <line number="20" hits="0" branch="False" />
              </lines>
            </method>
            <method name="AcceptWithReturn" signature="(Ast.IAstVisitor)" line-rate="0" branch-rate="1" complexity="1">
              <lines>
                <line number="23" hits="0" branch="False" />
                <line number="24" hits="0" branch="False" />
                <line number="25" hits="0" branch="False" />
              </lines>
            </method>
            <method name=".ctor" signature="(System.Collections.Generic.Dictionary`2&lt;Ast.Expressions.Expression,Ast.Statements.ScopeStatement&gt;,Ast.Expressions.Expression,Ast.Statements.ScopeStatement)" line-rate="0" branch-rate="1" complexity="1">
              <lines>
                <line number="5" hits="0" branch="False" />
                <line number="6" hits="0" branch="False" />
                <line number="7" hits="0" branch="False" />
                <line number="8" hits="0" branch="False" />
              </lines>
            </method>
          </methods>
          <lines>
            <line number="11" hits="0" branch="False" />
            <line number="13" hits="0" branch="False" />
            <line number="15" hits="0" branch="False" />
            <line number="18" hits="0" branch="False" />
            <line number="19" hits="0" branch="False" />
            <line number="20" hits="0" branch="False" />
            <line number="23" hits="0" branch="False" />
            <line number="24" hits="0" branch="False" />
            <line number="25" hits="0" branch="False" />
            <line number="5" hits="0" branch="False" />
            <line number="6" hits="0" branch="False" />
            <line number="7" hits="0" branch="False" />
            <line number="8" hits="0" branch="False" />
          </lines>
        </class>
        <class name="Ast.Statements.WhileLoopStatement" filename="Ast\Statements\WhileLoopStatement.cs" line-rate="0" branch-rate="1" complexity="5">
          <methods>
            <method name="get_Condition" signature="()" line-rate="0" branch-rate="1" complexity="1">
              <lines>
                <line number="7" hits="0" branch="False" />
              </lines>
            </method>
            <method name="get_Body" signature="()" line-rate="0" branch-rate="1" complexity="1">
              <lines>
                <line number="9" hits="0" branch="False" />
              </lines>
            </method>
            <method name="Accept" signature="(Ast.IAstVisitor)" line-rate="0" branch-rate="1" complexity="1">
              <lines>
                <line number="12" hits="0" branch="False" />
                <line number="13" hits="0" branch="False" />
                <line number="14" hits="0" branch="False" />
              </lines>
            </method>
            <method name="AcceptWithReturn" signature="(Ast.IAstVisitor)" line-rate="0" branch-rate="1" complexity="1">
              <lines>
                <line number="17" hits="0" branch="False" />
                <line number="18" hits="0" branch="False" />
                <line number="19" hits="0" branch="False" />
              </lines>
            </method>
            <method name=".ctor" signature="(Ast.Expressions.Expression,Ast.Statements.ScopeStatement)" line-rate="0" branch-rate="1" complexity="1">
              <lines>
                <line number="5" hits="0" branch="False" />
              </lines>
            </method>
          </methods>
          <lines>
            <line number="7" hits="0" branch="False" />
            <line number="9" hits="0" branch="False" />
            <line number="12" hits="0" branch="False" />
            <line number="13" hits="0" branch="False" />
            <line number="14" hits="0" branch="False" />
            <line number="17" hits="0" branch="False" />
            <line number="18" hits="0" branch="False" />
            <line number="19" hits="0" branch="False" />
            <line number="5" hits="0" branch="False" />
          </lines>
        </class>
        <class name="Ast.Expressions.BinaryOperationExpression" filename="Ast\Expressions\BinaryOperationExpression.cs" line-rate="1" branch-rate="1" complexity="5">
          <methods>
            <method name="get_Left" signature="()" line-rate="1" branch-rate="1" complexity="1">
              <lines>
                <line number="8" hits="318" branch="False" />
              </lines>
            </method>
            <method name="get_Operation" signature="()" line-rate="1" branch-rate="1" complexity="1">
              <lines>
                <line number="11" hits="433" branch="False" />
              </lines>
            </method>
            <method name="get_Right" signature="()" line-rate="1" branch-rate="1" complexity="1">
              <lines>
                <line number="13" hits="226" branch="False" />
              </lines>
            </method>
            <method name="Accept" signature="(Ast.IAstVisitor)" line-rate="1" branch-rate="1" complexity="1">
              <lines>
                <line number="16" hits="158" branch="False" />
                <line number="17" hits="158" branch="False" />
                <line number="18" hits="158" branch="False" />
              </lines>
            </method>
            <method name=".ctor" signature="(Ast.Expressions.Expression,System.Nullable`1&lt;Ast.Expressions.BinaryOperation&gt;,Ast.Expressions.Expression)" line-rate="1" branch-rate="1" complexity="1">
              <lines>
                <line number="5" hits="160" branch="False" />
              </lines>
            </method>
          </methods>
          <lines>
            <line number="8" hits="318" branch="False" />
            <line number="11" hits="433" branch="False" />
            <line number="13" hits="226" branch="False" />
            <line number="16" hits="158" branch="False" />
            <line number="17" hits="158" branch="False" />
            <line number="18" hits="158" branch="False" />
            <line number="5" hits="160" branch="False" />
          </lines>
        </class>
        <class name="Ast.Expressions.BuiltinConstantExpression" filename="Ast\Expressions\BuiltinConstantExpression.cs" line-rate="0" branch-rate="1" complexity="3">
          <methods>
            <method name="get_Name" signature="()" line-rate="0" branch-rate="1" complexity="1">
              <lines>
                <line number="5" hits="0" branch="False" />
              </lines>
            </method>
            <method name="Accept" signature="(Ast.IAstVisitor)" line-rate="0" branch-rate="1" complexity="1">
              <lines>
                <line number="8" hits="0" branch="False" />
                <line number="9" hits="0" branch="False" />
                <line number="10" hits="0" branch="False" />
              </lines>
            </method>
            <method name=".ctor" signature="(System.String)" line-rate="0" branch-rate="1" complexity="1">
              <lines>
                <line number="3" hits="0" branch="False" />
              </lines>
            </method>
          </methods>
          <lines>
            <line number="5" hits="0" branch="False" />
            <line number="8" hits="0" branch="False" />
            <line number="9" hits="0" branch="False" />
            <line number="10" hits="0" branch="False" />
            <line number="3" hits="0" branch="False" />
          </lines>
        </class>
        <class name="Ast.Expressions.BuiltinFunctionCallExpression" filename="Ast\Expressions\BuiltinFunctionCallExpression.cs" line-rate="1" branch-rate="1" complexity="4">
          <methods>
            <method name="get_FunctionName" signature="()" line-rate="1" branch-rate="1" complexity="1">
              <lines>
                <line number="7" hits="26" branch="False" />
              </lines>
            </method>
            <method name="get_Arguments" signature="()" line-rate="1" branch-rate="1" complexity="1">
              <lines>
                <line number="9" hits="13" branch="False" />
              </lines>
            </method>
            <method name="Accept" signature="(Ast.IAstVisitor)" line-rate="1" branch-rate="1" complexity="1">
              <lines>
                <line number="12" hits="13" branch="False" />
                <line number="13" hits="13" branch="False" />
                <line number="14" hits="13" branch="False" />
              </lines>
            </method>
            <method name=".ctor" signature="(System.String,System.Collections.Generic.List`1&lt;Ast.Expressions.Expression&gt;)" line-rate="1" branch-rate="1" complexity="1">
              <lines>
                <line number="3" hits="13" branch="False" />
                <line number="4" hits="13" branch="False" />
                <line number="5" hits="13" branch="False" />
              </lines>
            </method>
          </methods>
          <lines>
            <line number="7" hits="26" branch="False" />
            <line number="9" hits="13" branch="False" />
            <line number="12" hits="13" branch="False" />
            <line number="13" hits="13" branch="False" />
            <line number="14" hits="13" branch="False" />
            <line number="3" hits="13" branch="False" />
            <line number="4" hits="13" branch="False" />
            <line number="5" hits="13" branch="False" />
          </lines>
        </class>
        <class name="Ast.Expressions.FunctionCallExpression" filename="Ast\Expressions\FunctionCallExpression.cs" line-rate="0" branch-rate="1" complexity="4">
          <methods>
            <method name="get_Name" signature="()" line-rate="0" branch-rate="1" complexity="1">
              <lines>
                <line number="5" hits="0" branch="False" />
              </lines>
            </method>
            <method name="get_Arguments" signature="()" line-rate="0" branch-rate="1" complexity="1">
              <lines>
                <line number="7" hits="0" branch="False" />
              </lines>
            </method>
            <method name="Accept" signature="(Ast.IAstVisitor)" line-rate="0" branch-rate="1" complexity="1">
              <lines>
                <line number="10" hits="0" branch="False" />
                <line number="11" hits="0" branch="False" />
                <line number="12" hits="0" branch="False" />
              </lines>
            </method>
            <method name=".ctor" signature="(System.String,System.Collections.Generic.List`1&lt;Ast.Expressions.Expression&gt;)" line-rate="0" branch-rate="1" complexity="1">
              <lines>
                <line number="3" hits="0" branch="False" />
              </lines>
            </method>
          </methods>
          <lines>
            <line number="5" hits="0" branch="False" />
            <line number="7" hits="0" branch="False" />
            <line number="10" hits="0" branch="False" />
            <line number="11" hits="0" branch="False" />
            <line number="12" hits="0" branch="False" />
            <line number="3" hits="0" branch="False" />
          </lines>
        </class>
        <class name="Ast.Expressions.LiteralExpression" filename="Ast\Expressions\LiteralStatement.cs" line-rate="1" branch-rate="1" complexity="3">
          <methods>
            <method name="get_Value" signature="()" line-rate="1" branch-rate="1" complexity="1">
              <lines>
                <line number="5" hits="198" branch="False" />
              </lines>
            </method>
            <method name="Accept" signature="(Ast.IAstVisitor)" line-rate="1" branch-rate="1" complexity="1">
              <lines>
                <line number="8" hits="98" branch="False" />
                <line number="9" hits="98" branch="False" />
                <line number="10" hits="98" branch="False" />
              </lines>
            </method>
            <method name=".ctor" signature="(System.Object)" line-rate="1" branch-rate="1" complexity="1">
              <lines>
                <line number="3" hits="100" branch="False" />
              </lines>
            </method>
          </methods>
          <lines>
            <line number="5" hits="198" branch="False" />
            <line number="8" hits="98" branch="False" />
            <line number="9" hits="98" branch="False" />
            <line number="10" hits="98" branch="False" />
            <line number="3" hits="100" branch="False" />
          </lines>
        </class>
        <class name="Ast.Expressions.UnaryOperationExpression" filename="Ast\Expressions\UnaryOperationExpression.cs" line-rate="1" branch-rate="1" complexity="6">
          <methods>
            <method name="get_Operation" signature="()" line-rate="1" branch-rate="1" complexity="1">
              <lines>
                <line number="8" hits="625" branch="False" />
              </lines>
            </method>
            <method name="get_Expression" signature="()" line-rate="1" branch-rate="1" complexity="1">
              <lines>
                <line number="10" hits="336" branch="False" />
              </lines>
            </method>
            <method name="get_IsPostfix" signature="()" line-rate="1" branch-rate="1" complexity="1">
              <lines>
                <line number="12" hits="172" branch="False" />
              </lines>
            </method>
            <method name="get_DoPushToStack" signature="()" line-rate="1" branch-rate="1" complexity="1">
              <lines>
                <line number="14" hits="166" branch="False" />
              </lines>
            </method>
            <method name="Accept" signature="(Ast.IAstVisitor)" line-rate="1" branch-rate="1" complexity="1">
              <lines>
                <line number="17" hits="155" branch="False" />
                <line number="18" hits="155" branch="False" />
                <line number="19" hits="155" branch="False" />
              </lines>
            </method>
            <method name=".ctor" signature="(System.Nullable`1&lt;Ast.Expressions.UnaryOperation&gt;,Ast.Expressions.Expression,System.Boolean,System.Boolean)" line-rate="1" branch-rate="1" complexity="1">
              <lines>
                <line number="5" hits="160" branch="False" />
              </lines>
            </method>
          </methods>
          <lines>
            <line number="8" hits="625" branch="False" />
            <line number="10" hits="336" branch="False" />
            <line number="12" hits="172" branch="False" />
            <line number="14" hits="166" branch="False" />
            <line number="17" hits="155" branch="False" />
            <line number="18" hits="155" branch="False" />
            <line number="19" hits="155" branch="False" />
            <line number="5" hits="160" branch="False" />
          </lines>
        </class>
        <class name="Ast.Expressions.VariableExpression" filename="Ast\Expressions\VariableExpression.cs" line-rate="1" branch-rate="1" complexity="3">
          <methods>
            <method name="get_Name" signature="()" line-rate="1" branch-rate="1" complexity="1">
              <lines>
                <line number="5" hits="48" branch="False" />
              </lines>
            </method>
            <method name="Accept" signature="(Ast.IAstVisitor)" line-rate="1" branch-rate="1" complexity="1">
              <lines>
                <line number="8" hits="21" branch="False" />
                <line number="9" hits="21" branch="False" />
                <line number="10" hits="21" branch="False" />
              </lines>
            </method>
            <method name=".ctor" signature="(System.String)" line-rate="1" branch-rate="1" complexity="1">
              <lines>
                <line number="3" hits="21" branch="False" />
              </lines>
            </method>
          </methods>
          <lines>
            <line number="5" hits="48" branch="False" />
            <line number="8" hits="21" branch="False" />
            <line number="9" hits="21" branch="False" />
            <line number="10" hits="21" branch="False" />
            <line number="3" hits="21" branch="False" />
          </lines>
        </class>
        <class name="Ast.Declarations.FunctionDeclaration" filename="Ast\Declarations\FunctionDeclaration.cs" line-rate="0" branch-rate="1" complexity="6">
          <methods>
            <method name="get_Type" signature="()" line-rate="0" branch-rate="1" complexity="1">
              <lines>
                <line number="12" hits="0" branch="False" />
              </lines>
            </method>
            <method name="get_Name" signature="()" line-rate="0" branch-rate="1" complexity="1">
              <lines>
                <line number="14" hits="0" branch="False" />
              </lines>
            </method>
            <method name="get_Parameters" signature="()" line-rate="0" branch-rate="1" complexity="1">
              <lines>
                <line number="16" hits="0" branch="False" />
              </lines>
            </method>
            <method name="get_Body" signature="()" line-rate="0" branch-rate="1" complexity="1">
              <lines>
                <line number="18" hits="0" branch="False" />
              </lines>
            </method>
            <method name="Accept" signature="(Ast.IAstVisitor)" line-rate="0" branch-rate="1" complexity="1">
              <lines>
                <line number="21" hits="0" branch="False" />
                <line number="22" hits="0" branch="False" />
                <line number="23" hits="0" branch="False" />
              </lines>
            </method>
            <method name=".ctor" signature="(Ast.Declarations.VariableType,System.String,System.Collections.Generic.Dictionary`2&lt;System.String,Ast.Declarations.VariableType&gt;,Ast.Statements.Statement)" line-rate="0" branch-rate="1" complexity="1">
              <lines>
                <line number="5" hits="0" branch="False" />
                <line number="6" hits="0" branch="False" />
                <line number="7" hits="0" branch="False" />
                <line number="8" hits="0" branch="False" />
                <line number="9" hits="0" branch="False" />
              </lines>
            </method>
          </methods>
          <lines>
            <line number="12" hits="0" branch="False" />
            <line number="14" hits="0" branch="False" />
            <line number="16" hits="0" branch="False" />
            <line number="18" hits="0" branch="False" />
            <line number="21" hits="0" branch="False" />
            <line number="22" hits="0" branch="False" />
            <line number="23" hits="0" branch="False" />
            <line number="5" hits="0" branch="False" />
            <line number="6" hits="0" branch="False" />
            <line number="7" hits="0" branch="False" />
            <line number="8" hits="0" branch="False" />
            <line number="9" hits="0" branch="False" />
          </lines>
        </class>
        <class name="Ast.Declarations.VariableDeclaration" filename="Ast\Declarations\VariableDeclaration.cs" line-rate="1" branch-rate="1" complexity="5">
          <methods>
            <method name="get_IsConst" signature="()" line-rate="1" branch-rate="1" complexity="1">
              <lines>
                <line number="9" hits="17" branch="False" />
              </lines>
            </method>
            <method name="get_VariableType" signature="()" line-rate="1" branch-rate="1" complexity="1">
              <lines>
                <line number="11" hits="37" branch="False" />
              </lines>
            </method>
            <method name="get_NamesToValues" signature="()" line-rate="1" branch-rate="1" complexity="1">
              <lines>
                <line number="13" hits="17" branch="False" />
              </lines>
            </method>
            <method name="Accept" signature="(Ast.IAstVisitor)" line-rate="1" branch-rate="1" complexity="1">
              <lines>
                <line number="16" hits="17" branch="False" />
                <line number="17" hits="17" branch="False" />
                <line number="18" hits="17" branch="False" />
              </lines>
            </method>
            <method name=".ctor" signature="(System.Boolean,Ast.Declarations.VariableType,System.Collections.Generic.Dictionary`2&lt;System.String,Ast.Expressions.Expression&gt;)" line-rate="1" branch-rate="1" complexity="1">
              <lines>
                <line number="6" hits="17" branch="False" />
              </lines>
            </method>
          </methods>
          <lines>
            <line number="9" hits="17" branch="False" />
            <line number="11" hits="37" branch="False" />
            <line number="13" hits="17" branch="False" />
            <line number="16" hits="17" branch="False" />
            <line number="17" hits="17" branch="False" />
            <line number="18" hits="17" branch="False" />
            <line number="6" hits="17" branch="False" />
          </lines>
        </class>
      </classes>
    </package>
    <package name="Execution" line-rate="0.4696" branch-rate="0.5153" complexity="314">
      <classes>
        <class name="Execution.AstEvaluator" filename="Execution\AstEvaluator.cs" line-rate="0.45520000000000005" branch-rate="0.5982" complexity="232">
          <methods>
            <method name="Evaluate" signature="(Ast.AstNode,System.Boolean)" line-rate="0.4347" branch-rate="0.5" complexity="12">
              <lines>
                <line number="23" hits="57" branch="False" />
                <line number="24" hits="57" branch="True" condition-coverage="50% (1/2)">
                  <conditions>
                    <condition number="17" type="jump" coverage="50%" />
                  </conditions>
                </line>
                <line number="25" hits="0" branch="False" />
                <line number="26" hits="0" branch="False" />
                <line number="27" hits="0" branch="False" />
                <line number="28" hits="0" branch="False" />
                <line number="31" hits="57" branch="False" />
                <line number="33" hits="57" branch="True" condition-coverage="50% (2/4)">
                  <conditions>
                    <condition number="121" type="jump" coverage="50%" />
                    <condition number="142" type="jump" coverage="50%" />
                  </conditions>
                </line>
                <line number="34" hits="0" branch="False" />
                <line number="35" hits="0" branch="False" />
                <line number="36" hits="0" branch="False" />
                <line number="37" hits="0" branch="False" />
                <line number="40" hits="57" branch="True" condition-coverage="50% (2/4)">
                  <conditions>
                    <condition number="157" type="jump" coverage="50%" />
                    <condition number="178" type="jump" coverage="50%" />
                  </conditions>
                </line>
                <line number="41" hits="0" branch="False" />
                <line number="42" hits="0" branch="False" />
                <line number="45" hits="57" branch="True" condition-coverage="50% (1/2)">
                  <conditions>
                    <condition number="214" type="jump" coverage="50%" />
                  </conditions>
                </line>
                <line number="46" hits="57" branch="False" />
                <line number="47" hits="0" branch="False" />
                <line number="48" hits="0" branch="False" />
                <line number="49" hits="0" branch="False" />
                <line number="50" hits="57" branch="False" />
                <line number="51" hits="57" branch="False" />
                <line number="52" hits="57" branch="False" />
              </lines>
            </method>
            <method name="Visit" signature="(Ast.Expressions.LiteralExpression)" line-rate="0.909" branch-rate="0.875" complexity="8">
              <lines>
                <line number="55" hits="98" branch="False" />
                <line number="56" hits="98" branch="True" condition-coverage="87.5% (7/8)">
                  <conditions>
                    <condition number="20" type="jump" coverage="100%" />
                    <condition number="39" type="jump" coverage="100%" />
                    <condition number="60" type="jump" coverage="100%" />
                    <condition number="69" type="jump" coverage="50%" />
                  </conditions>
                </line>
                <line number="57" hits="98" branch="False" />
                <line number="58" hits="62" branch="False" />
                <line number="59" hits="16" branch="False" />
                <line number="60" hits="4" branch="False" />
                <line number="61" hits="16" branch="False" />
                <line number="62" hits="0" branch="False" />
                <line number="63" hits="98" branch="False" />
                <line number="64" hits="98" branch="False" />
                <line number="65" hits="98" branch="False" />
              </lines>
            </method>
            <method name="Visit" signature="(Ast.Expressions.BinaryOperationExpression)" line-rate="0.7037" branch-rate="0.7826000000000001" complexity="46">
              <lines>
                <line number="68" hits="158" branch="False" />
                <line number="69" hits="158" branch="False" />
                <line number="70" hits="158" branch="True" condition-coverage="100% (4/4)">
                  <conditions>
                    <condition number="28" type="jump" coverage="100%" />
                    <condition number="44" type="jump" coverage="100%" />
                  </conditions>
                </line>
                <line number="71" hits="124" branch="False" />
                <line number="72" hits="124" branch="False" />
                <line number="76" hits="34" branch="True" condition-coverage="100% (6/6)">
                  <conditions>
                    <condition number="66" type="jump" coverage="100%" />
                    <condition number="83" type="jump" coverage="100%" />
                    <condition number="101" type="jump" coverage="100%" />
                  </conditions>
                </line>
                <line number="77" hits="9" branch="False" />
                <line number="78" hits="9" branch="False" />
                <line number="80" hits="9" branch="True" condition-coverage="50% (1/2)">
                  <conditions>
                    <condition number="137" type="jump" coverage="50%" />
                  </conditions>
                </line>
                <line number="81" hits="0" branch="False" />
                <line number="82" hits="0" branch="False" />
                <line number="83" hits="0" branch="False" />
                <line number="86" hits="9" branch="True" condition-coverage="100% (12/12)">
                  <conditions>
                    <condition number="205" type="jump" coverage="100%" />
                    <condition number="216" type="jump" coverage="100%" />
                    <condition number="225" type="jump" coverage="100%" />
                    <condition number="241" type="jump" coverage="100%" />
                    <condition number="252" type="jump" coverage="100%" />
                    <condition number="271" type="jump" coverage="100%" />
                  </conditions>
                </line>
                <line number="87" hits="9" branch="False" />
                <line number="88" hits="2" branch="False" />
                <line number="89" hits="2" branch="False" />
                <line number="91" hits="7" branch="False" />
                <line number="93" hits="32" branch="False" />
                <line number="94" hits="32" branch="False" />
                <line number="95" hits="32" branch="False" />
                <line number="97" hits="32" branch="True" condition-coverage="50% (1/2)">
                  <conditions>
                    <condition number="356" type="jump" coverage="50%" />
                  </conditions>
                </line>
                <line number="98" hits="0" branch="False" />
                <line number="99" hits="0" branch="False" />
                <line number="100" hits="0" branch="False" />
                <line number="101" hits="0" branch="False" />
                <line number="104" hits="32" branch="True" condition-coverage="62.5% (10/16)">
                  <conditions>
                    <condition number="503" type="jump" coverage="50%" />
                    <condition number="519" type="switch" coverage="64.28%" />
                  </conditions>
                </line>
                <line number="107" hits="5" branch="False" />
                <line number="108" hits="5" branch="False" />
                <line number="110" hits="1" branch="False" />
                <line number="111" hits="1" branch="False" />
                <line number="113" hits="8" branch="False" />
                <line number="114" hits="8" branch="False" />
                <line number="116" hits="0" branch="False" />
                <line number="117" hits="0" branch="False" />
                <line number="119" hits="0" branch="False" />
                <line number="120" hits="0" branch="False" />
                <line number="122" hits="0" branch="False" />
                <line number="123" hits="0" branch="False" />
                <line number="125" hits="6" branch="False" />
                <line number="126" hits="6" branch="False" />
                <line number="128" hits="1" branch="False" />
                <line number="129" hits="1" branch="False" />
                <line number="131" hits="0" branch="False" />
                <line number="132" hits="0" branch="False" />
                <line number="134" hits="3" branch="False" />
                <line number="135" hits="3" branch="False" />
                <line number="137" hits="1" branch="False" />
                <line number="138" hits="1" branch="False" />
                <line number="140" hits="3" branch="True" condition-coverage="50% (1/2)">
                  <conditions>
                    <condition number="884" type="jump" coverage="50%" />
                  </conditions>
                </line>
                <line number="141" hits="3" branch="False" />
                <line number="143" hits="4" branch="True" condition-coverage="50% (1/2)">
                  <conditions>
                    <condition number="920" type="jump" coverage="50%" />
                  </conditions>
                </line>
                <line number="144" hits="4" branch="False" />
                <line number="146" hits="0" branch="False" />
                <line number="148" hits="158" branch="False" />
              </lines>
            </method>
            <method name="Visit" signature="(Ast.Declarations.FunctionDeclaration)" line-rate="0" branch-rate="1" complexity="1">
              <lines>
                <line number="151" hits="0" branch="False" />
                <line number="152" hits="0" branch="False" />
                <line number="153" hits="0" branch="False" />
              </lines>
            </method>
            <method name="Visit" signature="(Ast.Declarations.VariableDeclaration)" line-rate="0.7741" branch-rate="0.6666" complexity="15">
              <lines>
                <line number="156" hits="17" branch="False" />
                <line number="157" hits="91" branch="True" condition-coverage="100% (2/2)">
                  <conditions>
                    <condition number="344" type="jump" coverage="100%" />
                  </conditions>
                </line>
                <line number="158" hits="20" branch="False" />
                <line number="160" hits="20" branch="True" condition-coverage="100% (2/2)">
                  <conditions>
                    <condition number="54" type="jump" coverage="100%" />
                  </conditions>
                </line>
                <line number="161" hits="19" branch="False" />
                <line number="162" hits="19" branch="False" />
                <line number="163" hits="19" branch="False" />
                <line number="165" hits="19" branch="False" />
                <line number="166" hits="19" branch="False" />
                <line number="168" hits="19" branch="True" condition-coverage="100% (4/4)">
                  <conditions>
                    <condition number="106" type="jump" coverage="100%" />
                    <condition number="120" type="jump" coverage="100%" />
                  </conditions>
                </line>
                <line number="169" hits="1" branch="False" />
                <line number="170" hits="1" branch="False" />
                <line number="171" hits="1" branch="False" />
                <line number="172" hits="18" branch="True" condition-coverage="50% (1/2)">
                  <conditions>
                    <condition number="153" type="jump" coverage="50%" />
                  </conditions>
                </line>
                <line number="173" hits="0" branch="False" />
                <line number="174" hits="0" branch="False" />
                <line number="175" hits="0" branch="False" />
                <line number="177" hits="19" branch="False" />
                <line number="179" hits="1" branch="False" />
                <line number="180" hits="1" branch="True" condition-coverage="20% (1/5)">
                  <conditions>
                    <condition number="243" type="switch" coverage="20%" />
                  </conditions>
                </line>
                <line number="181" hits="1" branch="False" />
                <line number="182" hits="1" branch="False" />
                <line number="183" hits="0" branch="False" />
                <line number="184" hits="0" branch="False" />
                <line number="185" hits="0" branch="False" />
                <line number="186" hits="0" branch="False" />
                <line number="187" hits="1" branch="False" />
                <line number="188" hits="1" branch="False" />
                <line number="190" hits="20" branch="False" />
                <line number="191" hits="20" branch="False" />
                <line number="192" hits="17" branch="False" />
              </lines>
            </method>
            <method name="Visit" signature="(Ast.Statements.AssignmentStatement)" line-rate="0" branch-rate="0" complexity="2">
              <lines>
                <line number="195" hits="0" branch="False" />
                <line number="196" hits="0" branch="False" />
                <line number="197" hits="0" branch="False" />
                <line number="199" hits="0" branch="False" />
                <line number="200" hits="0" branch="False" />
                <line number="202" hits="0" branch="True" condition-coverage="0% (0/2)">
                  <conditions>
                    <condition number="60" type="jump" coverage="0%" />
                  </conditions>
                </line>
                <line number="203" hits="0" branch="False" />
                <line number="204" hits="0" branch="False" />
                <line number="205" hits="0" branch="False" />
                <line number="208" hits="0" branch="False" />
                <line number="209" hits="0" branch="False" />
              </lines>
            </method>
            <method name="Visit" signature="(Ast.Expressions.UnaryOperationExpression)" line-rate="0.7954000000000001" branch-rate="0.8684000000000001" complexity="38">
              <lines>
                <line number="212" hits="155" branch="False" />
                <line number="214" hits="155" branch="True" condition-coverage="100% (6/6)">
                  <conditions>
                    <condition number="15" type="jump" coverage="100%" />
                    <condition number="29" type="jump" coverage="100%" />
                    <condition number="44" type="jump" coverage="100%" />
                  </conditions>
                </line>
                <line number="215" hits="6" branch="False" />
                <line number="216" hits="6" branch="True" condition-coverage="66.66% (4/6)">
                  <conditions>
                    <condition number="76" type="jump" coverage="100%" />
                    <condition number="90" type="jump" coverage="50%" />
                    <condition number="128" type="jump" coverage="50%" />
                  </conditions>
                </line>
                <line number="217" hits="6" branch="False" />
                <line number="218" hits="0" branch="False" />
                <line number="219" hits="0" branch="False" />
                <line number="222" hits="6" branch="True" condition-coverage="100% (2/2)">
                  <conditions>
                    <condition number="153" type="jump" coverage="100%" />
                  </conditions>
                </line>
                <line number="223" hits="6" branch="False" />
                <line number="224" hits="6" branch="False" />
                <line number="225" hits="6" branch="False" />
                <line number="227" hits="6" branch="False" />
                <line number="228" hits="6" branch="True" condition-coverage="100% (6/6)">
                  <conditions>
                    <condition number="210" type="jump" coverage="100%" />
                    <condition number="218" type="jump" coverage="100%" />
                    <condition number="226" type="jump" coverage="100%" />
                  </conditions>
                </line>
                <line number="230" hits="6" branch="True" condition-coverage="50% (1/2)">
                  <conditions>
                    <condition number="280" type="jump" coverage="50%" />
                  </conditions>
                </line>
                <line number="231" hits="0" branch="False" />
                <line number="232" hits="0" branch="False" />
                <line number="233" hits="0" branch="False" />
                <line number="236" hits="6" branch="True" condition-coverage="100% (2/2)">
                  <conditions>
                    <condition number="382" type="jump" coverage="100%" />
                  </conditions>
                </line>
                <line number="237" hits="4" branch="False" />
                <line number="238" hits="4" branch="False" />
                <line number="239" hits="4" branch="False" />
                <line number="241" hits="2" branch="False" />
                <line number="242" hits="2" branch="False" />
                <line number="243" hits="2" branch="False" />
                <line number="245" hits="6" branch="False" />
                <line number="246" hits="6" branch="True" condition-coverage="100% (6/6)">
                  <conditions>
                    <condition number="437" type="jump" coverage="100%" />
                    <condition number="445" type="jump" coverage="100%" />
                    <condition number="460" type="jump" coverage="100%" />
                  </conditions>
                </line>
                <line number="247" hits="3" branch="False" />
                <line number="248" hits="3" branch="False" />
                <line number="249" hits="3" branch="False" />
                <line number="251" hits="6" branch="False" />
                <line number="254" hits="149" branch="False" />
                <line number="255" hits="149" branch="False" />
                <line number="257" hits="149" branch="True" condition-coverage="50% (1/2)">
                  <conditions>
                    <condition number="533" type="jump" coverage="50%" />
                  </conditions>
                </line>
                <line number="258" hits="0" branch="False" />
                <line number="259" hits="0" branch="False" />
                <line number="260" hits="0" branch="False" />
                <line number="263" hits="149" branch="True" condition-coverage="83.33% (5/6)">
                  <conditions>
                    <condition number="632" type="jump" coverage="100%" />
                    <condition number="645" type="switch" coverage="75%" />
                  </conditions>
                </line>
                <line number="266" hits="7" branch="False" />
                <line number="267" hits="7" branch="False" />
                <line number="269" hits="6" branch="False" />
                <line number="270" hits="6" branch="False" />
                <line number="273" hits="136" branch="False" />
                <line number="275" hits="0" branch="False" />
                <line number="277" hits="155" branch="False" />
              </lines>
            </method>
            <method name="Visit" signature="(Ast.Statements.ForLoopStatement)" line-rate="0" branch-rate="0" complexity="4">
              <lines>
                <line number="280" hits="0" branch="False" />
                <line number="281" hits="0" branch="False" />
                <line number="283" hits="0" branch="False" />
                <line number="285" hits="0" branch="False" />
                <line number="287" hits="0" branch="False" />
                <line number="288" hits="0" branch="False" />
                <line number="291" hits="0" branch="False" />
                <line number="292" hits="0" branch="False" />
                <line number="293" hits="0" branch="False" />
                <line number="295" hits="0" branch="False" />
                <line number="296" hits="0" branch="False" />
                <line number="297" hits="0" branch="True" condition-coverage="0% (0/2)">
                  <conditions>
                    <condition number="101" type="jump" coverage="0%" />
                  </conditions>
                </line>
                <line number="298" hits="0" branch="False" />
                <line number="299" hits="0" branch="False" />
                <line number="302" hits="0" branch="False" />
                <line number="305" hits="0" branch="False" />
                <line number="307" hits="0" branch="False" />
                <line number="309" hits="0" branch="True" condition-coverage="0% (0/2)">
                  <conditions>
                    <condition number="153" type="jump" coverage="0%" />
                  </conditions>
                </line>
                <line number="310" hits="0" branch="False" />
                <line number="311" hits="0" branch="False" />
                <line number="315" hits="0" branch="False" />
                <line number="316" hits="0" branch="False" />
                <line number="317" hits="0" branch="False" />
                <line number="318" hits="0" branch="False" />
                <line number="320" hits="0" branch="False" />
                <line number="321" hits="0" branch="False" />
                <line number="322" hits="0" branch="False" />
                <line number="324" hits="0" branch="False" />
                <line number="325" hits="0" branch="False" />
              </lines>
            </method>
            <method name="Visit" signature="(Ast.Expressions.FunctionCallExpression)" line-rate="0" branch-rate="0" complexity="12">
              <lines>
                <line number="328" hits="0" branch="False" />
                <line number="329" hits="0" branch="False" />
                <line number="332" hits="0" branch="True" condition-coverage="0% (0/2)">
                  <conditions>
                    <condition number="57" type="jump" coverage="0%" />
                  </conditions>
                </line>
                <line number="333" hits="0" branch="False" />
                <line number="334" hits="0" branch="False" />
                <line number="335" hits="0" branch="False" />
                <line number="337" hits="0" branch="False" />
                <line number="339" hits="0" branch="False" />
                <line number="341" hits="0" branch="True" condition-coverage="0% (0/2)">
                  <conditions>
                    <condition number="167" type="jump" coverage="0%" />
                  </conditions>
                </line>
                <line number="342" hits="0" branch="False" />
                <line number="343" hits="0" branch="False" />
                <line number="344" hits="0" branch="False" />
                <line number="347" hits="0" branch="False" />
                <line number="349" hits="0" branch="True" condition-coverage="0% (0/2)">
                  <conditions>
                    <condition number="211" type="jump" coverage="0%" />
                  </conditions>
                </line>
                <line number="350" hits="0" branch="False" />
                <line number="351" hits="0" branch="False" />
                <line number="352" hits="0" branch="False" />
                <line number="353" hits="0" branch="False" />
                <line number="355" hits="0" branch="True" condition-coverage="0% (0/4)">
                  <conditions>
                    <condition number="255" type="jump" coverage="0%" />
                    <condition number="269" type="jump" coverage="0%" />
                  </conditions>
                </line>
                <line number="356" hits="0" branch="False" />
                <line number="357" hits="0" branch="False" />
                <line number="358" hits="0" branch="False" />
                <line number="359" hits="0" branch="True" condition-coverage="0% (0/2)">
                  <conditions>
                    <condition number="321" type="jump" coverage="0%" />
                  </conditions>
                </line>
                <line number="360" hits="0" branch="False" />
                <line number="361" hits="0" branch="False" />
                <line number="362" hits="0" branch="False" />
                <line number="364" hits="0" branch="False" />
                <line number="365" hits="0" branch="False" />
                <line number="367" hits="0" branch="False" />
                <line number="368" hits="0" branch="False" />
                <line number="369" hits="0" branch="False" />
                <line number="370" hits="0" branch="False" />
              </lines>
            </method>
            <method name="Visit" signature="(Ast.Expressions.BuiltinFunctionCallExpression)" line-rate="1" branch-rate="1" complexity="2">
              <lines>
                <line number="373" hits="13" branch="False" />
                <line number="374" hits="13" branch="False" />
                <line number="377" hits="79" branch="True" condition-coverage="100% (2/2)">
                  <conditions>
                    <condition number="65" type="jump" coverage="100%" />
                  </conditions>
                </line>
                <line number="378" hits="20" branch="False" />
                <line number="379" hits="20" branch="False" />
                <line number="380" hits="20" branch="False" />
                <line number="381" hits="20" branch="False" />
                <line number="383" hits="13" branch="False" />
                <line number="385" hits="13" branch="False" />
                <line number="386" hits="13" branch="False" />
              </lines>
            </method>
            <method name="Visit" signature="(Ast.Expressions.BuiltinConstantExpression)" line-rate="0" branch-rate="1" complexity="1">
              <lines>
                <line number="389" hits="0" branch="False" />
                <line number="390" hits="0" branch="False" />
                <line number="391" hits="0" branch="False" />
              </lines>
            </method>
            <method name="Visit" signature="(Ast.Statements.WhileLoopStatement)" line-rate="0" branch-rate="0" complexity="4">
              <lines>
                <line number="394" hits="0" branch="False" />
                <line number="395" hits="0" branch="False" />
                <line number="397" hits="0" branch="False" />
                <line number="399" hits="0" branch="False" />
                <line number="400" hits="0" branch="False" />
                <line number="401" hits="0" branch="False" />
                <line number="403" hits="0" branch="False" />
                <line number="404" hits="0" branch="False" />
                <line number="405" hits="0" branch="True" condition-coverage="0% (0/2)">
                  <conditions>
                    <condition number="57" type="jump" coverage="0%" />
                  </conditions>
                </line>
                <line number="406" hits="0" branch="False" />
                <line number="407" hits="0" branch="False" />
                <line number="411" hits="0" branch="False" />
                <line number="413" hits="0" branch="True" condition-coverage="0% (0/2)">
                  <conditions>
                    <condition number="78" type="jump" coverage="0%" />
                  </conditions>
                </line>
                <line number="414" hits="0" branch="False" />
                <line number="415" hits="0" branch="False" />
                <line number="417" hits="0" branch="False" />
                <line number="418" hits="0" branch="False" />
                <line number="420" hits="0" branch="False" />
                <line number="421" hits="0" branch="False" />
                <line number="422" hits="0" branch="False" />
                <line number="424" hits="0" branch="False" />
                <line number="425" hits="0" branch="False" />
              </lines>
            </method>
            <method name="Visit" signature="(Ast.Statements.SwitchStatement)" line-rate="0" branch-rate="0" complexity="8">
              <lines>
                <line number="428" hits="0" branch="False" />
                <line number="429" hits="0" branch="False" />
                <line number="431" hits="0" branch="False" />
                <line number="433" hits="0" branch="False" />
                <line number="435" hits="0" branch="False" />
                <line number="436" hits="0" branch="False" />
                <line number="438" hits="0" branch="False" />
                <line number="439" hits="0" branch="True" condition-coverage="0% (0/2)">
                  <conditions>
                    <condition number="151" type="jump" coverage="0%" />
                  </conditions>
                </line>
                <line number="440" hits="0" branch="False" />
                <line number="441" hits="0" branch="False" />
                <line number="442" hits="0" branch="False" />
                <line number="443" hits="0" branch="True" condition-coverage="0% (0/2)">
                  <conditions>
                    <condition number="127" type="jump" coverage="0%" />
                  </conditions>
                </line>
                <line number="444" hits="0" branch="False" />
                <line number="445" hits="0" branch="False" />
                <line number="447" hits="0" branch="False" />
                <line number="448" hits="0" branch="False" />
                <line number="450" hits="0" branch="False" />
                <line number="452" hits="0" branch="True" condition-coverage="0% (0/2)">
                  <conditions>
                    <condition number="175" type="jump" coverage="0%" />
                  </conditions>
                </line>
                <line number="453" hits="0" branch="False" />
                <line number="454" hits="0" branch="True" condition-coverage="0% (0/2)">
                  <conditions>
                    <condition number="191" type="jump" coverage="0%" />
                  </conditions>
                </line>
                <line number="455" hits="0" branch="False" />
                <line number="456" hits="0" branch="False" />
                <line number="459" hits="0" branch="False" />
                <line number="460" hits="0" branch="False" />
                <line number="461" hits="0" branch="False" />
                <line number="463" hits="0" branch="False" />
                <line number="464" hits="0" branch="False" />
                <line number="465" hits="0" branch="False" />
                <line number="467" hits="0" branch="False" />
                <line number="468" hits="0" branch="False" />
              </lines>
            </method>
            <method name="Visit" signature="(Ast.Statements.InputStatement)" line-rate="0" branch-rate="0" complexity="8">
              <lines>
                <line number="471" hits="0" branch="False" />
                <line number="472" hits="0" branch="False" />
                <line number="473" hits="0" branch="True" condition-coverage="0% (0/2)">
                  <conditions>
                    <condition number="227" type="jump" coverage="0%" />
                  </conditions>
                </line>
                <line number="474" hits="0" branch="False" />
                <line number="475" hits="0" branch="False" />
                <line number="476" hits="0" branch="False" />
                <line number="478" hits="0" branch="False" />
                <line number="479" hits="0" branch="False" />
                <line number="481" hits="0" branch="True" condition-coverage="0% (0/4)">
                  <conditions>
                    <condition number="72" type="jump" coverage="0%" />
                    <condition number="85" type="jump" coverage="0%" />
                  </conditions>
                </line>
                <line number="482" hits="0" branch="False" />
                <line number="483" hits="0" branch="False" />
                <line number="484" hits="0" branch="False" />
                <line number="485" hits="0" branch="True" condition-coverage="0% (0/2)">
                  <conditions>
                    <condition number="128" type="jump" coverage="0%" />
                  </conditions>
                </line>
                <line number="486" hits="0" branch="False" />
                <line number="487" hits="0" branch="False" />
                <line number="488" hits="0" branch="False" />
                <line number="491" hits="0" branch="False" />
                <line number="492" hits="0" branch="False" />
                <line number="493" hits="0" branch="False" />
              </lines>
            </method>
            <method name="Visit" signature="(Ast.Statements.OutputStatement)" line-rate="1" branch-rate="1" complexity="2">
              <lines>
                <line number="496" hits="4" branch="False" />
                <line number="497" hits="4" branch="False" />
                <line number="498" hits="20" branch="True" condition-coverage="100% (2/2)">
                  <conditions>
                    <condition number="72" type="jump" coverage="100%" />
                  </conditions>
                </line>
                <line number="499" hits="4" branch="False" />
                <line number="500" hits="4" branch="False" />
                <line number="501" hits="4" branch="False" />
                <line number="503" hits="4" branch="False" />
                <line number="504" hits="4" branch="False" />
                <line number="506" hits="4" branch="False" />
                <line number="507" hits="4" branch="False" />
              </lines>
            </method>
            <method name="Visit" signature="(Ast.Statements.IfElseStatement)" line-rate="0" branch-rate="0" complexity="4">
              <lines>
                <line number="510" hits="0" branch="False" />
                <line number="511" hits="0" branch="False" />
                <line number="513" hits="0" branch="False" />
                <line number="514" hits="0" branch="True" condition-coverage="0% (0/2)">
                  <conditions>
                    <condition number="34" type="jump" coverage="0%" />
                  </conditions>
                </line>
                <line number="515" hits="0" branch="False" />
                <line number="516" hits="0" branch="False" />
                <line number="519" hits="0" branch="True" condition-coverage="0% (0/2)">
                  <conditions>
                    <condition number="59" type="jump" coverage="0%" />
                  </conditions>
                </line>
                <line number="520" hits="0" branch="False" />
              </lines>
            </method>
            <method name="Visit" signature="(Ast.Statements.ScopeStatement)" line-rate="0.5384" branch-rate="0.5714" complexity="14">
              <lines>
                <line number="523" hits="57" branch="False" />
                <line number="524" hits="57" branch="False" />
                <line number="525" hits="57" branch="False" />
                <line number="526" hits="270" branch="True" condition-coverage="50% (1/2)">
                  <conditions>
                    <condition number="189" type="jump" coverage="50%" />
                  </conditions>
                </line>
                <line number="527" hits="78" branch="False" />
                <line number="528" hits="78" branch="True" condition-coverage="62.5% (5/8)">
                  <conditions>
                    <condition number="60" type="jump" coverage="50%" />
                    <condition number="69" type="jump" coverage="50%" />
                    <condition number="78" type="jump" coverage="100%" />
                    <condition number="91" type="jump" coverage="50%" />
                  </conditions>
                </line>
                <line number="532" hits="0" branch="False" />
                <line number="533" hits="0" branch="False" />
                <line number="535" hits="57" branch="False" />
                <line number="537" hits="57" branch="False" />
                <line number="538" hits="57" branch="False" />
                <line number="540" hits="0" branch="False" />
                <line number="541" hits="0" branch="True" condition-coverage="50% (1/2)">
                  <conditions>
                    <condition number="140" type="jump" coverage="50%" />
                  </conditions>
                </line>
                <line number="542" hits="0" branch="False" />
                <line number="543" hits="0" branch="False" />
                <line number="545" hits="0" branch="False" />
                <line number="548" hits="0" branch="False" />
                <line number="550" hits="21" branch="False" />
                <line number="551" hits="21" branch="False" />
                <line number="554" hits="21" branch="True" condition-coverage="50% (1/2)">
                  <conditions>
                    <condition number="177" type="jump" coverage="50%" />
                  </conditions>
                </line>
                <line number="555" hits="0" branch="False" />
                <line number="556" hits="0" branch="False" />
                <line number="558" hits="21" branch="False" />
                <line number="560" hits="0" branch="False" />
                <line number="562" hits="0" branch="False" />
                <line number="563" hits="57" branch="False" />
              </lines>
            </method>
            <method name="Visit" signature="(Ast.Statements.BreakStatement)" line-rate="0" branch-rate="1" complexity="1">
              <lines>
                <line number="566" hits="0" branch="False" />
                <line number="567" hits="0" branch="False" />
              </lines>
            </method>
            <method name="Visit" signature="(Ast.Statements.ContinueStatement)" line-rate="0" branch-rate="1" complexity="1">
              <lines>
                <line number="570" hits="0" branch="False" />
                <line number="571" hits="0" branch="False" />
              </lines>
            </method>
            <method name="Visit" signature="(Ast.Statements.ReturnStatement)" line-rate="1" branch-rate="1" complexity="1">
              <lines>
                <line number="574" hits="57" branch="False" />
                <line number="575" hits="57" branch="False" />
                <line number="576" hits="57" branch="False" />
              </lines>
            </method>
            <method name="Visit" signature="(Ast.Statements.EmptyStatement)" line-rate="0" branch-rate="1" complexity="1">
              <lines>
                <line number="579" hits="0" branch="False" />
                <line number="580" hits="0" branch="False" />
              </lines>
            </method>
            <method name="Visit" signature="(Ast.Expressions.VariableExpression)" line-rate="1" branch-rate="1" complexity="1">
              <lines>
                <line number="583" hits="21" branch="False" />
                <line number="584" hits="21" branch="False" />
                <line number="585" hits="21" branch="False" />
              </lines>
            </method>
            <method name="CanDoOperation" signature="(Runtime.RuntimeValueType,System.Nullable`1&lt;Ast.Expressions.UnaryOperation&gt;)" line-rate="0.8571" branch-rate="0.8" complexity="10">
              <lines>
                <line number="588" hits="155" branch="False" />
                <line number="589" hits="155" branch="True" condition-coverage="87.5% (7/8)">
                  <conditions>
                    <condition number="12" type="jump" coverage="100%" />
                    <condition number="23" type="switch" coverage="83.33%" />
                  </conditions>
                </line>
                <line number="592" hits="6" branch="False" />
                <line number="597" hits="15" branch="True" condition-coverage="50% (1/2)">
                  <conditions>
                    <condition number="59" type="jump" coverage="50%" />
                  </conditions>
[...]
            <line number="118" hits="0" branch="False" />
            <line number="119" hits="0" branch="False" />
            <line number="120" hits="8" branch="True" condition-coverage="75% (3/4)">
              <conditions>
                <condition number="213" type="jump" coverage="100%" />
                <condition number="233" type="jump" coverage="50%" />
              </conditions>
            </line>
            <line number="121" hits="8" branch="False" />
            <line number="122" hits="7" branch="False" />
            <line number="123" hits="1" branch="False" />
            <line number="124" hits="0" branch="False" />
            <line number="125" hits="8" branch="False" />
            <line number="126" hits="0" branch="False" />
            <line number="127" hits="8" branch="False" />
            <line number="128" hits="8" branch="False" />
            <line number="131" hits="0" branch="False" />
            <line number="132" hits="0" branch="True" condition-coverage="0% (0/8)">
              <conditions>
                <condition number="18" type="jump" coverage="0%" />
                <condition number="26" type="jump" coverage="0%" />
                <condition number="34" type="jump" coverage="0%" />
                <condition number="51" type="jump" coverage="0%" />
              </conditions>
            </line>
            <line number="133" hits="0" branch="False" />
            <line number="134" hits="0" branch="False" />
            <line number="135" hits="0" branch="False" />
            <line number="136" hits="0" branch="True" condition-coverage="0% (0/4)">
              <conditions>
                <condition number="108" type="jump" coverage="0%" />
                <condition number="128" type="jump" coverage="0%" />
              </conditions>
            </line>
            <line number="137" hits="0" branch="False" />
            <line number="138" hits="0" branch="False" />
            <line number="139" hits="0" branch="False" />
            <line number="140" hits="0" branch="False" />
            <line number="141" hits="0" branch="False" />
            <line number="142" hits="0" branch="True" condition-coverage="0% (0/4)">
              <conditions>
                <condition number="213" type="jump" coverage="0%" />
                <condition number="233" type="jump" coverage="0%" />
              </conditions>
            </line>
            <line number="143" hits="0" branch="False" />
            <line number="144" hits="0" branch="False" />
            <line number="145" hits="0" branch="False" />
            <line number="146" hits="0" branch="False" />
            <line number="147" hits="0" branch="False" />
            <line number="148" hits="0" branch="False" />
            <line number="149" hits="0" branch="False" />
            <line number="150" hits="0" branch="False" />
            <line number="153" hits="0" branch="False" />
            <line number="154" hits="0" branch="True" condition-coverage="0% (0/8)">
              <conditions>
                <condition number="18" type="jump" coverage="0%" />
                <condition number="26" type="jump" coverage="0%" />
                <condition number="34" type="jump" coverage="0%" />
                <condition number="51" type="jump" coverage="0%" />
              </conditions>
            </line>
            <line number="155" hits="0" branch="False" />
            <line number="156" hits="0" branch="False" />
            <line number="157" hits="0" branch="False" />
            <line number="158" hits="0" branch="True" condition-coverage="0% (0/4)">
              <conditions>
                <condition number="108" type="jump" coverage="0%" />
                <condition number="128" type="jump" coverage="0%" />
              </conditions>
            </line>
            <line number="159" hits="0" branch="False" />
            <line number="160" hits="0" branch="False" />
            <line number="161" hits="0" branch="False" />
            <line number="162" hits="0" branch="False" />
            <line number="163" hits="0" branch="False" />
            <line number="164" hits="0" branch="True" condition-coverage="0% (0/4)">
              <conditions>
                <condition number="213" type="jump" coverage="0%" />
                <condition number="233" type="jump" coverage="0%" />
              </conditions>
            </line>
            <line number="165" hits="0" branch="False" />
            <line number="166" hits="0" branch="False" />
            <line number="167" hits="0" branch="False" />
            <line number="168" hits="0" branch="False" />
            <line number="169" hits="0" branch="False" />
            <line number="170" hits="0" branch="False" />
            <line number="171" hits="0" branch="False" />
            <line number="172" hits="0" branch="False" />
            <line number="175" hits="0" branch="False" />
            <line number="176" hits="0" branch="True" condition-coverage="0% (0/6)">
              <conditions>
                <condition number="20" type="jump" coverage="0%" />
                <condition number="39" type="jump" coverage="0%" />
                <condition number="58" type="jump" coverage="0%" />
              </conditions>
            </line>
            <line number="177" hits="0" branch="False" />
            <line number="178" hits="0" branch="False" />
            <line number="179" hits="0" branch="False" />
            <line number="180" hits="0" branch="False" />
            <line number="181" hits="0" branch="False" />
            <line number="182" hits="0" branch="False" />
            <line number="183" hits="0" branch="False" />
            <line number="186" hits="0" branch="False" />
            <line number="187" hits="0" branch="True" condition-coverage="0% (0/6)">
              <conditions>
                <condition number="20" type="jump" coverage="0%" />
                <condition number="39" type="jump" coverage="0%" />
                <condition number="58" type="jump" coverage="0%" />
              </conditions>
            </line>
            <line number="188" hits="0" branch="False" />
            <line number="189" hits="0" branch="False" />
            <line number="190" hits="0" branch="False" />
            <line number="191" hits="0" branch="False" />
            <line number="192" hits="0" branch="False" />
            <line number="193" hits="0" branch="False" />
            <line number="194" hits="0" branch="False" />
            <line number="197" hits="6" branch="False" />
            <line number="198" hits="6" branch="True" condition-coverage="50% (1/2)">
              <conditions>
                <condition number="18" type="jump" coverage="50%" />
              </conditions>
            </line>
            <line number="199" hits="6" branch="False" />
            <line number="200" hits="6" branch="False" />
            <line number="201" hits="0" branch="False" />
            <line number="202" hits="6" branch="False" />
            <line number="203" hits="6" branch="False" />
            <line number="206" hits="7" branch="False" />
            <line number="207" hits="7" branch="True" condition-coverage="50% (2/4)">
              <conditions>
                <condition number="18" type="jump" coverage="50%" />
                <condition number="35" type="jump" coverage="50%" />
              </conditions>
            </line>
            <line number="208" hits="7" branch="False" />
            <line number="209" hits="0" branch="True" condition-coverage="0% (0/4)">
              <conditions>
                <condition number="70" type="jump" coverage="0%" />
                <condition number="90" type="jump" coverage="0%" />
              </conditions>
            </line>
            <line number="210" hits="0" branch="False" />
            <line number="211" hits="0" branch="False" />
            <line number="212" hits="0" branch="False" />
            <line number="213" hits="0" branch="False" />
            <line number="214" hits="0" branch="False" />
            <line number="215" hits="7" branch="True" condition-coverage="75% (3/4)">
              <conditions>
                <condition number="179" type="jump" coverage="100%" />
                <condition number="199" type="jump" coverage="50%" />
              </conditions>
            </line>
            <line number="216" hits="7" branch="False" />
            <line number="217" hits="6" branch="False" />
            <line number="218" hits="1" branch="False" />
            <line number="219" hits="0" branch="False" />
            <line number="220" hits="7" branch="False" />
            <line number="221" hits="0" branch="False" />
            <line number="222" hits="7" branch="False" />
            <line number="223" hits="7" branch="False" />
            <line number="226" hits="7" branch="False" />
            <line number="227" hits="7" branch="True" condition-coverage="100% (2/2)">
              <conditions>
                <condition number="8" type="jump" coverage="100%" />
              </conditions>
            </line>
            <line number="228" hits="7" branch="False" />
            <line number="231" hits="6" branch="False" />
            <line number="232" hits="6" branch="False" />
            <line number="233" hits="6" branch="False" />
            <line number="236" hits="0" branch="False" />
            <line number="237" hits="0" branch="False" />
            <line number="238" hits="0" branch="False" />
            <line number="244" hits="23" branch="False" />
            <line number="245" hits="23" branch="True" condition-coverage="16.66% (1/6)">
              <conditions>
                <condition number="20" type="jump" coverage="50%" />
                <condition number="39" type="jump" coverage="0%" />
                <condition number="58" type="jump" coverage="0%" />
              </conditions>
            </line>
            <line number="246" hits="23" branch="False" />
            <line number="247" hits="23" branch="False" />
            <line number="248" hits="0" branch="False" />
            <line number="249" hits="0" branch="False" />
            <line number="250" hits="0" branch="False" />
            <line number="251" hits="23" branch="False" />
            <line number="252" hits="23" branch="False" />
            <line number="258" hits="31" branch="False" />
            <line number="259" hits="31" branch="True" condition-coverage="75% (6/8)">
              <conditions>
                <condition number="20" type="jump" coverage="50%" />
                <condition number="39" type="jump" coverage="100%" />
                <condition number="58" type="jump" coverage="100%" />
                <condition number="79" type="jump" coverage="50%" />
              </conditions>
            </line>
            <line number="260" hits="31" branch="False" />
            <line number="261" hits="0" branch="True" condition-coverage="0% (0/2)">
              <conditions>
                <condition number="86" type="jump" coverage="0%" />
              </conditions>
            </line>
            <line number="262" hits="11" branch="False" />
            <line number="263" hits="6" branch="False" />
            <line number="264" hits="14" branch="True" condition-coverage="50% (1/2)">
              <conditions>
                <condition number="132" type="jump" coverage="50%" />
              </conditions>
            </line>
            <line number="265" hits="14" branch="False" />
            <line number="266" hits="14" branch="False" />
            <line number="267" hits="0" branch="False" />
            <line number="268" hits="31" branch="False" />
            <line number="269" hits="31" branch="False" />
            <line number="272" hits="32" branch="False" />
            <line number="273" hits="32" branch="True" condition-coverage="62.5% (5/8)">
              <conditions>
                <condition number="20" type="jump" coverage="50%" />
                <condition number="39" type="jump" coverage="50%" />
                <condition number="58" type="jump" coverage="100%" />
                <condition number="79" type="jump" coverage="50%" />
              </conditions>
            </line>
            <line number="274" hits="32" branch="False" />
            <line number="275" hits="0" branch="True" condition-coverage="0% (0/2)">
              <conditions>
                <condition number="86" type="jump" coverage="0%" />
              </conditions>
            </line>
            <line number="276" hits="0" branch="False" />
            <line number="277" hits="2" branch="False" />
            <line number="278" hits="30" branch="True" condition-coverage="50% (1/2)">
              <conditions>
                <condition number="131" type="jump" coverage="50%" />
              </conditions>
            </line>
            <line number="279" hits="30" branch="False" />
            <line number="280" hits="30" branch="False" />
            <line number="281" hits="0" branch="False" />
            <line number="282" hits="32" branch="False" />
            <line number="283" hits="32" branch="False" />
            <line number="286" hits="118" branch="False" />
            <line number="287" hits="118" branch="True" condition-coverage="87.5% (7/8)">
              <conditions>
                <condition number="20" type="jump" coverage="100%" />
                <condition number="39" type="jump" coverage="100%" />
                <condition number="58" type="jump" coverage="100%" />
                <condition number="79" type="jump" coverage="50%" />
              </conditions>
            </line>
            <line number="288" hits="118" branch="False" />
            <line number="289" hits="20" branch="True" condition-coverage="100% (2/2)">
              <conditions>
                <condition number="86" type="jump" coverage="100%" />
              </conditions>
            </line>
            <line number="290" hits="16" branch="False" />
            <line number="291" hits="22" branch="False" />
            <line number="292" hits="60" branch="False" />
            <line number="293" hits="0" branch="False" />
            <line number="294" hits="118" branch="False" />
            <line number="295" hits="118" branch="False" />
            <line number="298" hits="0" branch="False" />
            <line number="299" hits="0" branch="False" />
            <line number="300" hits="0" branch="False" />
            <line number="306" hits="21" branch="False" />
            <line number="307" hits="21" branch="True" condition-coverage="50% (1/2)">
              <conditions>
                <condition number="14" type="jump" coverage="50%" />
              </conditions>
            </line>
            <line number="308" hits="21" branch="False" />
            <line number="309" hits="21" branch="True" condition-coverage="62.5% (5/8)">
              <conditions>
                <condition number="39" type="jump" coverage="50%" />
                <condition number="58" type="jump" coverage="50%" />
                <condition number="77" type="jump" coverage="100%" />
                <condition number="104" type="jump" coverage="50%" />
              </conditions>
            </line>
            <line number="310" hits="21" branch="False" />
            <line number="311" hits="0" branch="True" condition-coverage="0% (0/2)">
              <conditions>
                <condition number="135" type="jump" coverage="0%" />
              </conditions>
            </line>
            <line number="312" hits="0" branch="False" />
            <line number="313" hits="0" branch="False" />
            <line number="314" hits="0" branch="False" />
            <line number="315" hits="0" branch="False" />
            <line number="316" hits="0" branch="True" condition-coverage="0% (0/4)">
              <conditions>
                <condition number="198" type="jump" coverage="0%" />
                <condition number="218" type="jump" coverage="0%" />
              </conditions>
            </line>
            <line number="317" hits="0" branch="False" />
            <line number="318" hits="0" branch="False" />
            <line number="319" hits="0" branch="False" />
            <line number="320" hits="0" branch="False" />
            <line number="321" hits="0" branch="False" />
            <line number="322" hits="6" branch="True" condition-coverage="25% (1/4)">
              <conditions>
                <condition number="315" type="jump" coverage="50%" />
                <condition number="335" type="jump" coverage="0%" />
              </conditions>
            </line>
            <line number="323" hits="6" branch="False" />
            <line number="324" hits="6" branch="False" />
            <line number="325" hits="0" branch="False" />
            <line number="326" hits="0" branch="False" />
            <line number="327" hits="6" branch="False" />
            <line number="328" hits="15" branch="True" condition-coverage="50% (1/2)">
              <conditions>
                <condition number="424" type="jump" coverage="50%" />
              </conditions>
            </line>
            <line number="329" hits="15" branch="False" />
            <line number="330" hits="15" branch="False" />
            <line number="331" hits="0" branch="False" />
            <line number="332" hits="15" branch="False" />
            <line number="333" hits="0" branch="False" />
            <line number="334" hits="21" branch="False" />
            <line number="337" hits="0" branch="False" />
            <line number="338" hits="21" branch="False" />
            <line number="340" hits="247" branch="False" />
            <line number="11" hits="93" branch="False" />
            <line number="12" hits="93" branch="False" />
            <line number="13" hits="93" branch="False" />
            <line number="14" hits="93" branch="False" />
            <line number="15" hits="93" branch="False" />
            <line number="17" hits="33" branch="False" />
            <line number="18" hits="33" branch="False" />
            <line number="19" hits="33" branch="False" />
            <line number="20" hits="33" branch="False" />
            <line number="21" hits="33" branch="False" />
            <line number="23" hits="40" branch="False" />
            <line number="24" hits="40" branch="False" />
            <line number="25" hits="40" branch="False" />
            <line number="26" hits="40" branch="False" />
            <line number="27" hits="40" branch="False" />
            <line number="29" hits="96" branch="False" />
            <line number="30" hits="96" branch="False" />
            <line number="31" hits="96" branch="False" />
            <line number="32" hits="96" branch="False" />
            <line number="33" hits="96" branch="False" />
            <line number="35" hits="1" branch="False" />
            <line number="36" hits="1" branch="False" />
            <line number="37" hits="1" branch="False" />
            <line number="38" hits="1" branch="True" condition-coverage="20% (1/5)">
              <conditions>
                <condition number="20" type="switch" coverage="20%" />
              </conditions>
            </line>
            <line number="39" hits="1" branch="False" />
            <line number="40" hits="1" branch="False" />
            <line number="41" hits="0" branch="False" />
            <line number="42" hits="0" branch="False" />
            <line number="43" hits="0" branch="False" />
            <line number="44" hits="0" branch="False" />
            <line number="45" hits="1" branch="False" />
            <line number="46" hits="1" branch="False" />
          </lines>
        </class>
      </classes>
    </package>
  </packages>
</coverage>