<?xml version="1.0" encoding="utf-8"?>
<coverage line-rate="0.8945000000000001" branch-rate="0.852" version="1.9" timestamp="1776851109" lines-covered="314" lines-valid="351" branches-covered="167" branches-valid="196">
  <sources>
    <source>C:\Users\comp\Documents\GitHub\ToPL\src\Lexer\</source>
  </sources>
  <packages>
    <package name="Lexer" line-rate="0.8945000000000001" branch-rate="0.852" complexity="211">
      <classes>
        <class name="Lexer.Lexer" filename="Lexer.cs" line-rate="0.9565" branch-rate="0.8803" complexity="120">
          <methods>
            <method name="ParseToken" signature="()" line-rate="0.9473" branch-rate="0.8284999999999999" complexity="35">
              <lines>
                <line number="53" hits="336" branch="False" />
                <line number="54" hits="336" branch="False" />
                <line number="56" hits="336" branch="True" condition-coverage="100% (2/2)">
                  <conditions>
                    <condition number="21" type="jump" coverage="100%" />
                  </conditions>
                </line>
                <line number="57" hits="54" branch="False" />
                <line number="58" hits="54" branch="False" />
                <line number="61" hits="282" branch="False" />
                <line number="62" hits="282" branch="True" condition-coverage="100% (4/4)">
                  <conditions>
                    <condition number="56" type="jump" coverage="100%" />
                    <condition number="68" type="jump" coverage="100%" />
                  </conditions>
                </line>
                <line number="63" hits="114" branch="False" />
                <line number="64" hits="114" branch="False" />
                <line number="67" hits="168" branch="True" condition-coverage="100% (2/2)">
                  <conditions>
                    <condition number="93" type="jump" coverage="100%" />
                  </conditions>
                </line>
                <line number="68" hits="23" branch="False" />
                <line number="69" hits="23" branch="False" />
                <line number="72" hits="145" branch="True" condition-coverage="100% (2/2)">
                  <conditions>
                    <condition number="117" type="jump" coverage="100%" />
                  </conditions>
                </line>
                <line number="73" hits="16" branch="False" />
                <line number="74" hits="16" branch="False" />
                <line number="77" hits="129" branch="True" condition-coverage="76% (19/25)">
                  <conditions>
                    <condition number="144" type="switch" coverage="68.75%" />
                    <condition number="216" type="switch" coverage="100%" />
                    <condition number="244" type="switch" coverage="75%" />
                  </conditions>
                </line>
                <line number="80" hits="19" branch="False" />
                <line number="81" hits="19" branch="False" />
                <line number="83" hits="7" branch="False" />
                <line number="84" hits="7" branch="False" />
                <line number="86" hits="2" branch="False" />
                <line number="87" hits="2" branch="False" />
                <line number="89" hits="2" branch="False" />
                <line number="90" hits="2" branch="False" />
                <line number="92" hits="1" branch="False" />
                <line number="93" hits="1" branch="False" />
                <line number="95" hits="22" branch="False" />
                <line number="96" hits="22" branch="False" />
                <line number="98" hits="22" branch="False" />
                <line number="99" hits="22" branch="False" />
                <line number="101" hits="12" branch="False" />
                <line number="102" hits="12" branch="False" />
                <line number="104" hits="12" branch="False" />
                <line number="105" hits="12" branch="False" />
                <line number="114" hits="30" branch="False" />
                <line number="123" hits="0" branch="False" />
                <line number="124" hits="0" branch="False" />
                <line number="125" hits="336" branch="False" />
              </lines>
            </method>
            <method name="ParseIdentifierOrKeyword" signature="()" line-rate="1" branch-rate="1" complexity="8">
              <lines>
                <line number="136" hits="114" branch="False" />
                <line number="137" hits="114" branch="False" />
                <line number="138" hits="114" branch="False" />
                <line number="140" hits="716" branch="True" condition-coverage="100% (6/6)">
                  <conditions>
                    <condition number="123" type="jump" coverage="100%" />
                    <condition number="103" type="jump" coverage="100%" />
                    <condition number="108" type="jump" coverage="100%" />
                  </conditions>
                </line>
                <line number="141" hits="244" branch="False" />
                <line number="142" hits="244" branch="False" />
                <line number="143" hits="244" branch="False" />
                <line number="144" hits="244" branch="False" />
                <line number="147" hits="114" branch="True" condition-coverage="100% (2/2)">
                  <conditions>
                    <condition number="152" type="jump" coverage="100%" />
                  </conditions>
                </line>
                <line number="148" hits="46" branch="False" />
                <line number="149" hits="46" branch="False" />
                <line number="153" hits="68" branch="False" />
                <line number="154" hits="114" branch="False" />
              </lines>
            </method>
            <method name="ParseOperand" signature="()" line-rate="0.9347" branch-rate="0.875" complexity="32">
              <lines>
                <line number="157" hits="30" branch="False" />
                <line number="158" hits="30" branch="False" />
                <line number="159" hits="30" branch="False" />
                <line number="160" hits="30" branch="True" condition-coverage="87.5% (14/16)">
                  <conditions>
                    <condition number="33" type="jump" coverage="100%" />
                    <condition number="38" type="jump" coverage="100%" />
                    <condition number="45" type="jump" coverage="100%" />
                    <condition number="68" type="jump" coverage="100%" />
                    <condition number="79" type="switch" coverage="100%" />
                    <condition number="101" type="jump" coverage="50%" />
                    <condition number="55" type="jump" coverage="50%" />
                  </conditions>
                </line>
                <line number="163" hits="2" branch="True" condition-coverage="100% (2/2)">
                  <conditions>
                    <condition number="132" type="jump" coverage="100%" />
                  </conditions>
                </line>
                <line number="164" hits="1" branch="False" />
                <line number="165" hits="1" branch="False" />
                <line number="168" hits="1" branch="False" />
                <line number="169" hits="1" branch="False" />
                <line number="172" hits="4" branch="True" condition-coverage="100% (2/2)">
                  <conditions>
                    <condition number="200" type="jump" coverage="100%" />
                  </conditions>
                </line>
                <line number="173" hits="3" branch="False" />
                <line number="174" hits="3" branch="False" />
                <line number="177" hits="1" branch="False" />
                <line number="178" hits="1" branch="False" />
                <line number="181" hits="4" branch="True" condition-coverage="100% (2/2)">
                  <conditions>
                    <condition number="268" type="jump" coverage="100%" />
                  </conditions>
                </line>
                <line number="182" hits="3" branch="False" />
                <line number="183" hits="3" branch="False" />
                <line number="186" hits="1" branch="False" />
                <line number="187" hits="1" branch="False" />
                <line number="189" hits="1" branch="True" condition-coverage="50% (1/2)">
                  <conditions>
                    <condition number="333" type="jump" coverage="50%" />
                  </conditions>
                </line>
                <line number="190" hits="1" branch="False" />
                <line number="191" hits="1" branch="False" />
                <line number="192" hits="1" branch="False" />
                <line number="195" hits="0" branch="False" />
                <line number="197" hits="1" branch="True" condition-coverage="50% (1/2)">
                  <conditions>
                    <condition number="388" type="jump" coverage="50%" />
                  </conditions>
                </line>
                <line number="198" hits="1" branch="False" />
                <line number="199" hits="1" branch="False" />
                <line number="200" hits="1" branch="False" />
                <line number="203" hits="0" branch="False" />
                <line number="205" hits="7" branch="True" condition-coverage="100% (2/2)">
                  <conditions>
                    <condition number="443" type="jump" coverage="100%" />
                  </conditions>
                </line>
                <line number="206" hits="4" branch="False" />
                <line number="207" hits="4" branch="False" />
                <line number="208" hits="4" branch="False" />
                <line number="211" hits="3" branch="False" />
                <line number="213" hits="3" branch="True" condition-coverage="100% (2/2)">
                  <conditions>
                    <condition number="508" type="jump" coverage="100%" />
                  </conditions>
                </line>
                <line number="214" hits="2" branch="False" />
                <line number="215" hits="2" branch="False" />
                <line number="216" hits="2" branch="False" />
                <line number="219" hits="1" branch="False" />
                <line number="221" hits="8" branch="True" condition-coverage="100% (2/2)">
                  <conditions>
                    <condition number="567" type="jump" coverage="100%" />
                  </conditions>
                </line>
                <line number="222" hits="2" branch="False" />
                <line number="223" hits="2" branch="False" />
                <line number="224" hits="2" branch="False" />
                <line number="227" hits="6" branch="False" />
                <line number="230" hits="0" branch="False" />
                <line number="231" hits="30" branch="False" />
              </lines>
            </method>
            <method name="ParseNumericLiteral" signature="()" line-rate="1" branch-rate="1" complexity="6">
              <lines>
                <line number="240" hits="23" branch="False" />
                <line number="241" hits="23" branch="False" />
                <line number="242" hits="23" branch="False" />
                <line number="245" hits="66" branch="True" condition-coverage="100% (2/2)">
                  <conditions>
                    <condition number="98" type="jump" coverage="100%" />
                  </conditions>
                </line>
                <line number="246" hits="10" branch="False" />
                <line number="247" hits="10" branch="False" />
                <line number="248" hits="10" branch="False" />
                <line number="249" hits="10" branch="False" />
                <line number="252" hits="23" branch="True" condition-coverage="100% (2/2)">
                  <conditions>
                    <condition number="118" type="jump" coverage="100%" />
                  </conditions>
                </line>
                <line number="253" hits="4" branch="False" />
                <line number="254" hits="4" branch="False" />
                <line number="255" hits="4" branch="False" />
                <line number="256" hits="34" branch="True" condition-coverage="100% (2/2)">
                  <conditions>
                    <condition number="219" type="jump" coverage="100%" />
                  </conditions>
                </line>
                <line number="257" hits="13" branch="False" />
                <line number="258" hits="13" branch="False" />
                <line number="259" hits="13" branch="False" />
                <line number="260" hits="13" branch="False" />
                <line number="261" hits="13" branch="False" />
                <line number="263" hits="4" branch="False" />
                <line number="266" hits="19" branch="False" />
                <line number="273" hits="23" branch="False" />
              </lines>
            </method>
            <method name="ParseStringLiteral" signature="()" line-rate="1" branch-rate="1" complexity="10">
              <lines>
                <line number="283" hits="16" branch="False" />
                <line number="284" hits="16" branch="False" />
                <line number="286" hits="16" branch="False" />
                <line number="287" hits="169" branch="True" condition-coverage="100% (2/2)">
                  <conditions>
                    <condition number="230" type="jump" coverage="100%" />
                  </conditions>
                </line>
                <line number="288" hits="155" branch="False" />
                <line number="289" hits="155" branch="True" condition-coverage="100% (2/2)">
                  <conditions>
                    <condition number="38" type="jump" coverage="100%" />
                  </conditions>
                </line>
                <line number="290" hits="1" branch="False" />
                <line number="292" hits="1" branch="False" />
                <line number="295" hits="154" branch="True" condition-coverage="100% (4/4)">
                  <conditions>
                    <condition number="73" type="jump" coverage="100%" />
                    <condition number="98" type="jump" coverage="100%" />
                  </conditions>
                </line>
                <line number="296" hits="1" branch="False" />
                <line number="298" hits="1" branch="False" />
                <line number="302" hits="153" branch="True" condition-coverage="100% (2/2)">
                  <conditions>
                    <condition number="131" type="jump" coverage="100%" />
                  </conditions>
                </line>
                <line number="303" hits="5" branch="False" />
                <line number="304" hits="5" branch="False" />
                <line number="305" hits="5" branch="False" />
                <line number="307" hits="148" branch="False" />
                <line number="308" hits="148" branch="False" />
                <line number="309" hits="148" branch="False" />
                <line number="310" hits="148" branch="False" />
                <line number="311" hits="153" branch="False" />
                <line number="313" hits="14" branch="False" />
                <line number="315" hits="14" branch="False" />
                <line number="316" hits="16" branch="False" />
              </lines>
            </method>
            <method name="TryParseStringLiteralEscapeSequence" signature="(System.Char&amp;)" line-rate="0.8484" branch-rate="0.8332999999999999" complexity="12">
              <lines>
                <line number="324" hits="153" branch="False" />
                <line number="325" hits="153" branch="True" condition-coverage="100% (2/2)">
                  <conditions>
                    <condition number="19" type="jump" coverage="100%" />
                  </conditions>
                </line>
                <line number="326" hits="5" branch="False" />
                <line number="327" hits="5" branch="False" />
                <line number="328" hits="5" branch="True" condition-coverage="50% (1/2)">
                  <conditions>
                    <condition number="55" type="jump" coverage="50%" />
                  </conditions>
                </line>
                <line number="329" hits="0" branch="False" />
                <line number="330" hits="0" branch="False" />
                <line number="331" hits="0" branch="False" />
                <line number="332" hits="0" branch="False" />
                <line number="335" hits="5" branch="True" condition-coverage="100% (2/2)">
                  <conditions>
                    <condition number="99" type="jump" coverage="100%" />
                  </conditions>
                </line>
                <line number="336" hits="1" branch="False" />
                <line number="337" hits="1" branch="False" />
                <line number="338" hits="1" branch="False" />
                <line number="339" hits="1" branch="False" />
                <line number="342" hits="4" branch="True" condition-coverage="100% (2/2)">
                  <conditions>
                    <condition number="145" type="jump" coverage="100%" />
                  </conditions>
                </line>
                <line number="343" hits="2" branch="False" />
                <line number="344" hits="2" branch="False" />
                <line number="345" hits="2" branch="False" />
                <line number="346" hits="2" branch="False" />
                <line number="349" hits="2" branch="True" condition-coverage="100% (2/2)">
                  <conditions>
                    <condition number="188" type="jump" coverage="100%" />
                  </conditions>
                </line>
                <line number="350" hits="1" branch="False" />
                <line number="351" hits="1" branch="False" />
                <line number="352" hits="1" branch="False" />
                <line number="353" hits="1" branch="False" />
                <line number="356" hits="1" branch="True" condition-coverage="50% (1/2)">
                  <conditions>
                    <condition number="231" type="jump" coverage="50%" />
                  </conditions>
                </line>
                <line number="357" hits="1" branch="False" />
                <line number="358" hits="1" branch="False" />
                <line number="359" hits="1" branch="False" />
                <line number="360" hits="1" branch="False" />
                <line number="362" hits="0" branch="False" />
                <line number="364" hits="148" branch="False" />
                <line number="365" hits="148" branch="False" />
                <line number="366" hits="153" branch="False" />
              </lines>
            </method>
            <method name="SkipWhiteSpacesAndComments" signature="()" line-rate="1" branch-rate="1" complexity="2">
              <lines>
                <line number="372" hits="336" branch="False" />
                <line number="374" hits="338" branch="False" />
                <line number="375" hits="338" branch="False" />
                <line number="376" hits="676" branch="True" condition-coverage="100% (2/2)">
                  <conditions>
                    <condition number="18" type="jump" coverage="100%" />
                  </conditions>
                </line>
                <line number="377" hits="336" branch="False" />
              </lines>
            </method>
            <method name="SkipWhiteSpaces" signature="()" line-rate="1" branch-rate="1" complexity="2">
              <lines>
                <line number="383" hits="338" branch="False" />
                <line number="384" hits="639" branch="True" condition-coverage="100% (2/2)">
                  <conditions>
                    <condition number="36" type="jump" coverage="100%" />
                  </conditions>
                </line>
                <line number="385" hits="301" branch="False" />
                <line number="386" hits="301" branch="False" />
                <line number="387" hits="301" branch="False" />
                <line number="388" hits="338" branch="False" />
              </lines>
            </method>
            <method name="TryParseSingleLineComment" signature="()" line-rate="1" branch-rate="0.8" complexity="10">
              <lines>
                <line number="395" hits="338" branch="False" />
                <line number="396" hits="338" branch="True" condition-coverage="100% (4/4)">
                  <conditions>
                    <condition number="15" type="jump" coverage="100%" />
                    <condition number="38" type="jump" coverage="100%" />
                  </conditions>
                </line>
                <line number="397" hits="2" branch="False" />
                <line number="399" hits="34" branch="False" />
                <line number="400" hits="34" branch="False" />
                <line number="401" hits="68" branch="True" condition-coverage="66.66% (4/6)">
                  <conditions>
                    <condition number="107" type="jump" coverage="100%" />
                    <condition number="69" type="jump" coverage="50%" />
                    <condition number="85" type="jump" coverage="50%" />
                  </conditions>
                </line>
                <line number="403" hits="2" branch="False" />
                <line number="406" hits="336" branch="False" />
                <line number="407" hits="338" branch="False" />
              </lines>
            </method>
            <method name="&lt;ParseNumericLiteral&gt;g__GetDigitValue|7_0" signature="(System.Char)" line-rate="1" branch-rate="1" complexity="1">
              <lines>
                <line number="270" hits="46" branch="False" />
                <line number="271" hits="46" branch="False" />
                <line number="272" hits="46" branch="False" />
              </lines>
            </method>
            <method name=".ctor" signature="(System.String)" line-rate="1" branch-rate="1" complexity="1">
              <lines>
                <line number="41" hits="54" branch="False" />
                <line number="42" hits="54" branch="False" />
                <line number="43" hits="54" branch="False" />
                <line number="44" hits="54" branch="False" />
              </lines>
            </method>
            <method name=".cctor" signature="()" line-rate="1" branch-rate="1" complexity="1">
              <lines>
                <line number="9" hits="1" branch="False" />
                <line number="10" hits="1" branch="False" />
                <line number="11" hits="1" branch="False" />
                <line number="12" hits="1" branch="False" />
                <line number="13" hits="1" branch="False" />
                <line number="14" hits="1" branch="False" />
                <line number="15" hits="1" branch="False" />
                <line number="16" hits="1" branch="False" />
                <line number="17" hits="1" branch="False" />
                <line number="18" hits="1" branch="False" />
                <line number="19" hits="1" branch="False" />
                <line number="20" hits="1" branch="False" />
                <line number="21" hits="1" branch="False" />
                <line number="22" hits="1" branch="False" />
                <line number="23" hits="1" branch="False" />
                <line number="24" hits="1" branch="False" />
                <line number="25" hits="1" branch="False" />
                <line number="26" hits="1" branch="False" />
                <line number="27" hits="1" branch="False" />
                <line number="28" hits="1" branch="False" />
                <line number="29" hits="1" branch="False" />
                <line number="30" hits="1" branch="False" />
                <line number="31" hits="1" branch="False" />
                <line number="32" hits="1" branch="False" />
                <line number="33" hits="1" branch="False" />
                <line number="34" hits="1" branch="False" />
                <line number="35" hits="1" branch="False" />
                <line number="36" hits="1" branch="False" />
                <line number="37" hits="1" branch="False" />
              </lines>
            </method>
          </methods>
          <lines>
            <line number="53" hits="336" branch="False" />
            <line number="54" hits="336" branch="False" />
            <line number="56" hits="336" branch="True" condition-coverage="100% (2/2)">
              <conditions>
                <condition number="21" type="jump" coverage="100%" />
              </conditions>
            </line>
            <line number="57" hits="54" branch="False" />
            <line number="58" hits="54" branch="False" />
            <line number="61" hits="282" branch="False" />
            <line number="62" hits="282" branch="True" condition-coverage="100% (4/4)">
              <conditions>
                <condition number="56" type="jump" coverage="100%" />
                <condition number="68" type="jump" coverage="100%" />
              </conditions>
            </line>
            <line number="63" hits="114" branch="False" />
            <line number="64" hits="114" branch="False" />
            <line number="67" hits="168" branch="True" condition-coverage="100% (2/2)">
              <conditions>
                <condition number="93" type="jump" coverage="100%" />
              </conditions>
            </line>
            <line number="68" hits="23" branch="False" />
            <line number="69" hits="23" branch="False" />
            <line number="72" hits="145" branch="True" condition-coverage="100% (2/2)">
              <conditions>
                <condition number="117" type="jump" coverage="100%" />
              </conditions>
            </line>
            <line number="73" hits="16" branch="False" />
            <line number="74" hits="16" branch="False" />
            <line number="77" hits="129" branch="True" condition-coverage="76% (19/25)">
              <conditions>
                <condition number="144" type="switch" coverage="68.75%" />
                <condition number="216" type="switch" coverage="100%" />
                <condition number="244" type="switch" coverage="75%" />
              </conditions>
            </line>
            <line number="80" hits="19" branch="False" />
            <line number="81" hits="19" branch="False" />
            <line number="83" hits="7" branch="False" />
            <line number="84" hits="7" branch="False" />
            <line number="86" hits="2" branch="False" />
            <line number="87" hits="2" branch="False" />
            <line number="89" hits="2" branch="False" />
            <line number="90" hits="2" branch="False" />
            <line number="92" hits="1" branch="False" />
            <line number="93" hits="1" branch="False" />
            <line number="95" hits="22" branch="False" />
            <line number="96" hits="22" branch="False" />
            <line number="98" hits="22" branch="False" />
            <line number="99" hits="22" branch="False" />
            <line number="101" hits="12" branch="False" />
            <line number="102" hits="12" branch="False" />
            <line number="104" hits="12" branch="False" />
            <line number="105" hits="12" branch="False" />
            <line number="114" hits="30" branch="False" />
            <line number="123" hits="0" branch="False" />
            <line number="124" hits="0" branch="False" />
            <line number="125" hits="336" branch="False" />
            <line number="136" hits="114" branch="False" />
            <line number="137" hits="114" branch="False" />
            <line number="138" hits="114" branch="False" />
            <line number="140" hits="716" branch="True" condition-coverage="100% (6/6)">
              <conditions>
                <condition number="123" type="jump" coverage="100%" />
                <condition number="103" type="jump" coverage="100%" />
                <condition number="108" type="jump" coverage="100%" />
              </conditions>
            </line>
            <line number="141" hits="244" branch="False" />
            <line number="142" hits="244" branch="False" />
            <line number="143" hits="244" branch="False" />
            <line number="144" hits="244" branch="False" />
            <line number="147" hits="114" branch="True" condition-coverage="100% (2/2)">
              <conditions>
                <condition number="152" type="jump" coverage="100%" />
              </conditions>
            </line>
            <line number="148" hits="46" branch="False" />
            <line number="149" hits="46" branch="False" />
            <line number="153" hits="68" branch="False" />
            <line number="154" hits="114" branch="False" />
            <line number="157" hits="30" branch="False" />
            <line number="158" hits="30" branch="False" />
            <line number="159" hits="30" branch="False" />
            <line number="160" hits="30" branch="True" condition-coverage="87.5% (14/16)">
              <conditions>
                <condition number="33" type="jump" coverage="100%" />
                <condition number="38" type="jump" coverage="100%" />
                <condition number="45" type="jump" coverage="100%" />
                <condition number="68" type="jump" coverage="100%" />
                <condition number="79" type="switch" coverage="100%" />
                <condition number="101" type="jump" coverage="50%" />
                <condition number="55" type="jump" coverage="50%" />
              </conditions>
            </line>
            <line number="163" hits="2" branch="True" condition-coverage="100% (2/2)">
              <conditions>
                <condition number="132" type="jump" coverage="100%" />
              </conditions>
            </line>
            <line number="164" hits="1" branch="False" />
            <line number="165" hits="1" branch="False" />
            <line number="168" hits="1" branch="False" />
            <line number="169" hits="1" branch="False" />
            <line number="172" hits="4" branch="True" condition-coverage="100% (2/2)">
              <conditions>
                <condition number="200" type="jump" coverage="100%" />
              </conditions>
            </line>
            <line number="173" hits="3" branch="False" />
            <line number="174" hits="3" branch="False" />
            <line number="177" hits="1" branch="False" />
            <line number="178" hits="1" branch="False" />
            <line number="181" hits="4" branch="True" condition-coverage="100% (2/2)">
              <conditions>
                <condition number="268" type="jump" coverage="100%" />
              </conditions>
            </line>
            <line number="182" hits="3" branch="False" />
            <line number="183" hits="3" branch="False" />
            <line number="186" hits="1" branch="False" />
            <line number="187" hits="1" branch="False" />
            <line number="189" hits="1" branch="True" condition-coverage="50% (1/2)">
              <conditions>
                <condition number="333" type="jump" coverage="50%" />
              </conditions>
            </line>
            <line number="190" hits="1" branch="False" />
            <line number="191" hits="1" branch="False" />
            <line number="192" hits="1" branch="False" />
            <line number="195" hits="0" branch="False" />
            <line number="197" hits="1" branch="True" condition-coverage="50% (1/2)">
              <conditions>
                <condition number="388" type="jump" coverage="50%" />
              </conditions>
            </line>
            <line number="198" hits="1" branch="False" />
            <line number="199" hits="1" branch="False" />
            <line number="200" hits="1" branch="False" />
            <line number="203" hits="0" branch="False" />
            <line number="205" hits="7" branch="True" condition-coverage="100% (2/2)">
              <conditions>
                <condition number="443" type="jump" coverage="100%" />
              </conditions>
            </line>
            <line number="206" hits="4" branch="False" />
            <line number="207" hits="4" branch="False" />
            <line number="208" hits="4" branch="False" />
            <line number="211" hits="3" branch="False" />
            <line number="213" hits="3" branch="True" condition-coverage="100% (2/2)">
              <conditions>
                <condition number="508" type="jump" coverage="100%" />
              </conditions>
            </line>
            <line number="214" hits="2" branch="False" />
            <line number="215" hits="2" branch="False" />
            <line number="216" hits="2" branch="False" />
            <line number="219" hits="1" branch="False" />
            <line number="221" hits="8" branch="True" condition-coverage="100% (2/2)">
              <conditions>
                <condition number="567" type="jump" coverage="100%" />
              </conditions>
            </line>
            <line number="222" hits="2" branch="False" />
            <line number="223" hits="2" branch="False" />
            <line number="224" hits="2" branch="False" />
            <line number="227" hits="6" branch="False" />
            <line number="230" hits="0" branch="False" />
            <line number="231" hits="30" branch="False" />
            <line number="240" hits="23" branch="False" />
            <line number="241" hits="23" branch="False" />
            <line number="242" hits="23" branch="False" />
            <line number="245" hits="66" branch="True" condition-coverage="100% (2/2)">
              <conditions>
                <condition number="98" type="jump" coverage="100%" />
              </conditions>
            </line>
            <line number="246" hits="10" branch="False" />
            <line number="247" hits="10" branch="False" />
            <line number="248" hits="10" branch="False" />
            <line number="249" hits="10" branch="False" />
            <line number="252" hits="23" branch="True" condition-coverage="100% (2/2)">
              <conditions>
                <condition number="118" type="jump" coverage="100%" />
              </conditions>
            </line>
            <line number="253" hits="4" branch="False" />
            <line number="254" hits="4" branch="False" />
            <line number="255" hits="4" branch="False" />
            <line number="256" hits="34" branch="True" condition-coverage="100% (2/2)">
              <conditions>
                <condition number="219" type="jump" coverage="100%" />
              </conditions>
            </line>
            <line number="257" hits="13" branch="False" />
            <line number="258" hits="13" branch="False" />
            <line number="259" hits="13" branch="False" />
            <line number="260" hits="13" branch="False" />
            <line number="261" hits="13" branch="False" />
            <line number="263" hits="4" branch="False" />
            <line number="266" hits="19" branch="False" />
            <line number="273" hits="23" branch="False" />
            <line number="283" hits="16" branch="False" />
            <line number="284" hits="16" branch="False" />
            <line number="286" hits="16" branch="False" />
            <line number="287" hits="169" branch="True" condition-coverage="100% (2/2)">
              <conditions>
                <condition number="230" type="jump" coverage="100%" />
              </conditions>
            </line>
            <line number="288" hits="155" branch="False" />
            <line number="289" hits="155" branch="True" condition-coverage="100% (2/2)">
              <conditions>
                <condition number="38" type="jump" coverage="100%" />
              </conditions>
            </line>
            <line number="290" hits="1" branch="False" />
            <line number="292" hits="1" branch="False" />
            <line number="295" hits="154" branch="True" condition-coverage="100% (4/4)">
              <conditions>
                <condition number="73" type="jump" coverage="100%" />
                <condition number="98" type="jump" coverage="100%" />
              </conditions>
            </line>
            <line number="296" hits="1" branch="False" />
            <line number="298" hits="1" branch="False" />
            <line number="302" hits="153" branch="True" condition-coverage="100% (2/2)">
              <conditions>
                <condition number="131" type="jump" coverage="100%" />
              </conditions>
            </line>
            <line number="303" hits="5" branch="False" />
            <line number="304" hits="5" branch="False" />
            <line number="305" hits="5" branch="False" />
            <line number="307" hits="148" branch="False" />
            <line number="308" hits="148" branch="False" />
            <line number="309" hits="148" branch="False" />
            <line number="310" hits="148" branch="False" />
            <line number="311" hits="153" branch="False" />
            <line number="313" hits="14" branch="False" />
            <line number="315" hits="14" branch="False" />
            <line number="316" hits="16" branch="False" />
            <line number="324" hits="153" branch="False" />
            <line number="325" hits="153" branch="True" condition-coverage="100% (2/2)">
              <conditions>
                <condition number="19" type="jump" coverage="100%" />
              </conditions>
            </line>
            <line number="326" hits="5" branch="False" />
            <line number="327" hits="5" branch="False" />
            <line number="328" hits="5" branch="True" condition-coverage="50% (1/2)">
              <conditions>
                <condition number="55" type="jump" coverage="50%" />
              </conditions>
            </line>
            <line number="329" hits="0" branch="False" />
            <line number="330" hits="0" branch="False" />
            <line number="331" hits="0" branch="False" />
            <line number="332" hits="0" branch="False" />
            <line number="335" hits="5" branch="True" condition-coverage="100% (2/2)">
              <conditions>
                <condition number="99" type="jump" coverage="100%" />
              </conditions>
            </line>
            <line number="336" hits="1" branch="False" />
            <line number="337" hits="1" branch="False" />
            <line number="338" hits="1" branch="False" />
            <line number="339" hits="1" branch="False" />
            <line number="342" hits="4" branch="True" condition-coverage="100% (2/2)">
              <conditions>
                <condition number="145" type="jump" coverage="100%" />
              </conditions>
            </line>
            <line number="343" hits="2" branch="False" />
            <line number="344" hits="2" branch="False" />
            <line number="345" hits="2" branch="False" />
            <line number="346" hits="2" branch="False" />
            <line number="349" hits="2" branch="True" condition-coverage="100% (2/2)">
              <conditions>
                <condition number="188" type="jump" coverage="100%" />
              </conditions>
            </line>
            <line number="350" hits="1" branch="False" />
            <line number="351" hits="1" branch="False" />
            <line number="352" hits="1" branch="False" />
            <line number="353" hits="1" branch="False" />
            <line number="356" hits="1" branch="True" condition-coverage="50% (1/2)">
              <conditions>
                <condition number="231" type="jump" coverage="50%" />
              </conditions>
            </line>
            <line number="357" hits="1" branch="False" />
            <line number="358" hits="1" branch="False" />
            <line number="359" hits="1" branch="False" />
            <line number="360" hits="1" branch="False" />
            <line number="362" hits="0" branch="False" />
            <line number="364" hits="148" branch="False" />
            <line number="365" hits="148" branch="False" />
            <line number="366" hits="153" branch="False" />
            <line number="372" hits="336" branch="False" />
            <line number="374" hits="338" branch="False" />
            <line number="375" hits="338" branch="False" />
            <line number="376" hits="676" branch="True" condition-coverage="100% (2/2)">
              <conditions>
                <condition number="18" type="jump" coverage="100%" />
              </conditions>
            </line>
            <line number="377" hits="336" branch="False" />
            <line number="383" hits="338" branch="False" />
            <line number="384" hits="639" branch="True" condition-coverage="100% (2/2)">
              <conditions>
                <condition number="36" type="jump" coverage="100%" />
              </conditions>
            </line>
            <line number="385" hits="301" branch="False" />
            <line number="386" hits="301" branch="False" />
            <line number="387" hits="301" branch="False" />
            <line number="388" hits="338" branch="False" />
            <line number="395" hits="338" branch="False" />
            <line number="396" hits="338" branch="True" condition-coverage="100% (4/4)">
              <conditions>
                <condition number="15" type="jump" coverage="100%" />
                <condition number="38" type="jump" coverage="100%" />
              </conditions>
            </line>
            <line number="397" hits="2" branch="False" />
            <line number="399" hits="34" branch="False" />
            <line number="400" hits="34" branch="False" />
            <line number="401" hits="68" branch="True" condition-coverage="66.66% (4/6)">
              <conditions>
                <condition number="107" type="jump" coverage="100%" />
                <condition number="69" type="jump" coverage="50%" />
                <condition number="85" type="jump" coverage="50%" />
              </conditions>
            </line>
            <line number="403" hits="2" branch="False" />
            <line number="406" hits="336" branch="False" />
            <line number="407" hits="338" branch="False" />
            <line number="270" hits="46" branch="False" />
            <line number="271" hits="46" branch="False" />
            <line number="272" hits="46" branch="False" />
            <line number="41" hits="54" branch="False" />
            <line number="42" hits="54" branch="False" />
            <line number="43" hits="54" branch="False" />
            <line number="44" hits="54" branch="False" />
            <line number="9" hits="1" branch="False" />
            <line number="10" hits="1" branch="False" />
            <line number="11" hits="1" branch="False" />
            <line number="12" hits="1" branch="False" />
            <line number="13" hits="1" branch="False" />
            <line number="14" hits="1" branch="False" />
            <line number="15" hits="1" branch="False" />
            <line number="16" hits="1" branch="False" />
            <line number="17" hits="1" branch="False" />
            <line number="18" hits="1" branch="False" />
            <line number="19" hits="1" branch="False" />
            <line number="20" hits="1" branch="False" />
            <line number="21" hits="1" branch="False" />
            <line number="22" hits="1" branch="False" />
            <line number="23" hits="1" branch="False" />
            <line number="24" hits="1" branch="False" />
            <line number="25" hits="1" branch="False" />
            <line number="26" hits="1" branch="False" />
            <line number="27" hits="1" branch="False" />
            <line number="28" hits="1" branch="False" />
            <line number="29" hits="1" branch="False" />
            <line number="30" hits="1" branch="False" />
            <line number="31" hits="1" branch="False" />
            <line number="32" hits="1" branch="False" />
            <line number="33" hits="1" branch="False" />
            <line number="34" hits="1" branch="False" />
            <line number="35" hits="1" branch="False" />
            <line number="36" hits="1" branch="False" />
            <line number="37" hits="1" branch="False" />
          </lines>
        </class>
        <class name="Lexer.LexicalStats" filename="LexicalStats.cs" line-rate="0.9473" branch-rate="0.9411" complexity="52">
          <methods>
            <method name="CollectFromFile" signature="(System.String)" line-rate="1" branch-rate="1" complexity="4">
              <lines>
                <line number="8" hits="1" branch="False" />
                <line number="9" hits="1" branch="False" />
                <line number="11" hits="1" branch="False" />
                <line number="12" hits="1" branch="False" />
                <line number="14" hits="19" branch="True" condition-coverage="100% (2/2)">
                  <conditions>
                    <condition number="81" type="jump" coverage="100%" />
                  </conditions>
                </line>
                <line number="15" hits="8" branch="False" />
                <line number="16" hits="8" branch="False" />
                <line number="17" hits="8" branch="False" />
                <line number="19" hits="118" branch="True" condition-coverage="100% (2/2)">
                  <conditions>
                    <condition number="184" type="jump" coverage="100%" />
                  </conditions>
                </line>
                <line number="20" hits="58" branch="False" />
                <line number="21" hits="58" branch="False" />
                <line number="23" hits="58" branch="False" />
                <line number="24" hits="58" branch="False" />
                <line number="26" hits="1" branch="False" />
                <line number="27" hits="1" branch="False" />
              </lines>
            </method>
            <method name="TokenToLexicalType" signature="(Lexer.TokenType)" line-rate="0.8181" branch-rate="0.9361" complexity="47">
              <lines>
                <line number="30" hits="58" branch="False" />
                <line number="31" hits="58" branch="True" condition-coverage="93.61% (44/47)">
                  <conditions>
                    <condition number="8" type="switch" coverage="93.61%" />
                  </conditions>
                </line>
                <line number="49" hits="10" branch="False" />
                <line number="51" hits="10" branch="False" />
                <line number="53" hits="2" branch="False" />
                <line number="55" hits="0" branch="False" />
                <line number="57" hits="5" branch="False" />
                <line number="60" hits="0" branch="False" />
                <line number="77" hits="4" branch="False" />
                <line number="79" hits="27" branch="False" />
                <line number="81" hits="58" branch="False" />
              </lines>
            </method>
            <method name="StatsToString" signature="(System.Collections.Generic.IDictionary`2&lt;Lexer.LexicalType,System.Int32&gt;)" line-rate="1" branch-rate="1" complexity="1">
              <lines>
                <line number="84" hits="1" branch="False" />
                <line number="85" hits="1" branch="False" />
                <line number="86" hits="1" branch="False" />
                <line number="87" hits="1" branch="False" />
                <line number="88" hits="1" branch="False" />
                <line number="89" hits="1" branch="False" />
                <line number="90" hits="1" branch="False" />
                <line number="91" hits="1" branch="False" />
                <line number="92" hits="1" branch="False" />
                <line number="93" hits="1" branch="False" />
                <line number="94" hits="1" branch="False" />
                <line number="95" hits="1" branch="False" />
              </lines>
            </method>
          </methods>
          <lines>
            <line number="8" hits="1" branch="False" />
            <line number="9" hits="1" branch="False" />
            <line number="11" hits="1" branch="False" />
            <line number="12" hits="1" branch="False" />
            <line number="14" hits="19" branch="True" condition-coverage="100% (2/2)">
              <conditions>
                <condition number="81" type="jump" coverage="100%" />
              </conditions>
            </line>
            <line number="15" hits="8" branch="False" />
            <line number="16" hits="8" branch="False" />
            <line number="17" hits="8" branch="False" />
            <line number="19" hits="118" branch="True" condition-coverage="100% (2/2)">
              <conditions>
                <condition number="184" type="jump" coverage="100%" />
              </conditions>
            </line>
            <line number="20" hits="58" branch="False" />
            <line number="21" hits="58" branch="False" />
            <line number="23" hits="58" branch="False" />
            <line number="24" hits="58" branch="False" />
            <line number="26" hits="1" branch="False" />
            <line number="27" hits="1" branch="False" />
            <line number="30" hits="58" branch="False" />
            <line number="31" hits="58" branch="True" condition-coverage="93.61% (44/47)">
              <conditions>
                <condition number="8" type="switch" coverage="93.61%" />
              </conditions>
            </line>
            <line number="49" hits="10" branch="False" />
            <line number="51" hits="10" branch="False" />
            <line number="53" hits="2" branch="False" />
            <line number="55" hits="0" branch="False" />
            <line number="57" hits="5" branch="False" />
            <line number="60" hits="0" branch="False" />
            <line number="77" hits="4" branch="False" />
            <line number="79" hits="27" branch="False" />
            <line number="81" hits="58" branch="False" />
            <line number="84" hits="1" branch="False" />
            <line number="85" hits="1" branch="False" />
            <line number="86" hits="1" branch="False" />
            <line number="87" hits="1" branch="False" />
            <line number="88" hits="1" branch="False" />
            <line number="89" hits="1" branch="False" />
            <line number="90" hits="1" branch="False" />
            <line number="91" hits="1" branch="False" />
            <line number="92" hits="1" branch="False" />
            <line number="93" hits="1" branch="False" />
            <line number="94" hits="1" branch="False" />
            <line number="95" hits="1" branch="False" />
          </lines>
        </class>
        <class name="Lexer.TextScanner" filename="TextScanner.cs" line-rate="1" branch-rate="1" complexity="5">
          <methods>
            <method name="Peek" signature="(System.Int32)" line-rate="1" branch-rate="1" complexity="2">
              <lines>
                <line number="14" hits="2634" branch="False" />
                <line number="15" hits="2634" branch="False" />
                <line number="16" hits="2634" branch="True" condition-coverage="100% (2/2)">
                  <conditions>
                    <condition number="22" type="jump" coverage="100%" />
                  </conditions>
                </line>
                <line number="17" hits="2634" branch="False" />
              </lines>
            </method>
            <method name="Advance" signature="()" line-rate="1" branch-rate="1" complexity="1">
              <lines>
                <line number="23" hits="1073" branch="False" />
                <line number="24" hits="1073" branch="False" />
                <line number="25" hits="1073" branch="False" />
              </lines>
            </method>
            <method name="IsEnd" signature="()" line-rate="1" branch-rate="1" complexity="1">
              <lines>
                <line number="28" hits="491" branch="False" />
                <line number="29" hits="491" branch="False" />
                <line number="30" hits="491" branch="False" />
              </lines>
            </method>
            <method name=".ctor" signature="(System.String)" line-rate="1" branch-rate="1" complexity="1">
              <lines>
                <line number="6" hits="54" branch="False" />
              </lines>
            </method>
          </methods>
          <lines>
            <line number="14" hits="2634" branch="False" />
            <line number="15" hits="2634" branch="False" />
            <line number="16" hits="2634" branch="True" condition-coverage="100% (2/2)">
              <conditions>
                <condition number="22" type="jump" coverage="100%" />
              </conditions>
            </line>
            <line number="17" hits="2634" branch="False" />
            <line number="23" hits="1073" branch="False" />
            <line number="24" hits="1073" branch="False" />
            <line number="25" hits="1073" branch="False" />
            <line number="28" hits="491" branch="False" />
            <line number="29" hits="491" branch="False" />
            <line number="30" hits="491" branch="False" />
            <line number="6" hits="54" branch="False" />
          </lines>
        </class>
        <class name="Lexer.Token" filename="Token.cs" line-rate="0.8095" branch-rate="0.6666" complexity="10">
          <methods>
            <method name="get_Type" signature="()" line-rate="1" branch-rate="1" complexity="1">
              <lines>
                <line number="7" hits="1767" branch="False" />
              </lines>
            </method>
            <method name="get_Value" signature="()" line-rate="1" branch-rate="1" complexity="1">
              <lines>
                <line number="9" hits="1447" branch="False" />
              </lines>
            </method>
            <method name="Equals" signature="(System.Object)" line-rate="0.8332999999999999" branch-rate="0.5" complexity="4">
              <lines>
                <line number="15" hits="224" branch="False" />
                <line number="16" hits="224" branch="True" condition-coverage="50% (1/2)">
                  <conditions>
                    <condition number="14" type="jump" coverage="50%" />
                  </conditions>
                </line>
                <line number="17" hits="224" branch="False" />
                <line number="18" hits="224" branch="True" condition-coverage="50% (1/2)">
                  <conditions>
                    <condition number="29" type="jump" coverage="50%" />
                  </conditions>
                </line>
                <line number="21" hits="0" branch="False" />
                <line number="22" hits="224" branch="False" />
              </lines>
            </method>
            <method name="GetHashCode" signature="()" line-rate="0" branch-rate="1" complexity="1">
              <lines>
                <line number="28" hits="0" branch="False" />
                <line number="29" hits="0" branch="False" />
                <line number="30" hits="0" branch="False" />
              </lines>
            </method>
            <method name="ToString" signature="()" line-rate="1" branch-rate="1" complexity="2">
              <lines>
                <line number="36" hits="141" branch="False" />
                <line number="37" hits="141" branch="False" />
                <line number="38" hits="141" branch="False" />
                <line number="39" hits="141" branch="True" condition-coverage="100% (2/2)">
                  <conditions>
                    <condition number="45" type="jump" coverage="100%" />
                  </conditions>
                </line>
                <line number="40" hits="74" branch="False" />
                <line number="41" hits="74" branch="False" />
                <line number="42" hits="61" branch="False" />
                <line number="44" hits="128" branch="False" />
                <line number="45" hits="128" branch="False" />
              </lines>
            </method>
            <method name=".ctor" signature="(Lexer.TokenType,Lexer.TokenValue)" line-rate="1" branch-rate="1" complexity="1">
              <lines>
                <line number="5" hits="784" branch="False" />
              </lines>
            </method>
          </methods>
          <lines>
            <line number="7" hits="1767" branch="False" />
            <line number="9" hits="1447" branch="False" />
            <line number="15" hits="224" branch="False" />
            <line number="16" hits="224" branch="True" condition-coverage="50% (1/2)">
              <conditions>
                <condition number="14" type="jump" coverage="50%" />
              </conditions>
            </line>
            <line number="17" hits="224" branch="False" />
            <line number="18" hits="224" branch="True" condition-coverage="50% (1/2)">
              <conditions>
                <condition number="29" type="jump" coverage="50%" />
              </conditions>
            </line>
            <line number="21" hits="0" branch="False" />
            <line number="22" hits="224" branch="False" />
            <line number="28" hits="0" branch="False" />
            <line number="29" hits="0" branch="False" />
            <line number="30" hits="0" branch="False" />
            <line number="36" hits="141" branch="False" />
            <line number="37" hits="141" branch="False" />
            <line number="38" hits="141" branch="False" />
            <line number="39" hits="141" branch="True" condition-coverage="100% (2/2)">
              <conditions>
                <condition number="45" type="jump" coverage="100%" />
              </conditions>
            </line>
            <line number="40" hits="74" branch="False" />
            <line number="41" hits="74" branch="False" />
            <line number="42" hits="61" branch="False" />
            <line number="44" hits="128" branch="False" />
            <line number="45" hits="128" branch="False" />
            <line number="5" hits="784" branch="False" />
          </lines>
        </class>
        <class name="Lexer.TokenValue" filename="TokenValue.cs" line-rate="0.5882000000000001" branch-rate="0.5" complexity="24">
          <methods>
            <method name="ToString" signature="()" line-rate="1" branch-rate="1" complexity="4">
              <lines>
                <line number="32" hits="74" branch="False" />
                <line number="33" hits="74" branch="True" condition-coverage="100% (4/4)">
                  <conditions>
                    <condition number="20" type="jump" coverage="100%" />
                    <condition number="28" type="jump" coverage="100%" />
                  </conditions>
                </line>
                <line number="34" hits="74" branch="False" />
                <line number="35" hits="57" branch="False" />
                <line number="36" hits="4" branch="False" />
                <line number="37" hits="13" branch="False" />
                <line number="38" hits="74" branch="False" />
                <line number="39" hits="61" branch="False" />
              </lines>
            </method>
            <method name="ToFloat" signature="()" line-rate="0" branch-rate="0" complexity="4">
              <lines>
                <line number="45" hits="0" branch="False" />
                <line number="46" hits="0" branch="True" condition-coverage="0% (0/4)">
                  <conditions>
                    <condition number="20" type="jump" coverage="0%" />
                    <condition number="28" type="jump" coverage="0%" />
                  </conditions>
                </line>
                <line number="47" hits="0" branch="False" />
                <line number="48" hits="0" branch="False" />
                <line number="49" hits="0" branch="False" />
                <line number="50" hits="0" branch="False" />
                <line number="51" hits="0" branch="False" />
                <line number="52" hits="0" branch="False" />
              </lines>
            </method>
            <method name="ToInt" signature="()" line-rate="0" branch-rate="0" complexity="4">
              <lines>
                <line number="58" hits="0" branch="False" />
                <line number="59" hits="0" branch="True" condition-coverage="0% (0/4)">
                  <conditions>
                    <condition number="20" type="jump" coverage="0%" />
                    <condition number="28" type="jump" coverage="0%" />
                  </conditions>
                </line>
                <line number="60" hits="0" branch="False" />
                <line number="61" hits="0" branch="False" />
                <line number="62" hits="0" branch="False" />
                <line number="63" hits="0" branch="False" />
                <line number="64" hits="0" branch="False" />
                <line number="65" hits="0" branch="False" />
              </lines>
            </method>
            <method name="Equals" signature="(System.Object)" line-rate="0.8332999999999999" branch-rate="0.75" complexity="8">
              <lines>
                <line number="71" hits="90" branch="False" />
                <line number="72" hits="90" branch="True" condition-coverage="50% (1/2)">
                  <conditions>
                    <condition number="14" type="jump" coverage="50%" />
                  </conditions>
                </line>
                <line number="73" hits="90" branch="False" />
                <line number="74" hits="90" branch="True" condition-coverage="83.33% (5/6)">
                  <conditions>
                    <condition number="41" type="jump" coverage="100%" />
                    <condition number="50" type="jump" coverage="100%" />
                    <condition number="69" type="jump" coverage="50%" />
                  </conditions>
                </line>
                <line number="75" hits="90" branch="False" />
                <line number="76" hits="69" branch="False" />
                <line number="77" hits="4" branch="False" />
                <line number="78" hits="17" branch="False" />
                <line number="79" hits="0" branch="False" />
                <line number="80" hits="90" branch="False" />
                <line number="83" hits="0" branch="False" />
                <line number="84" hits="90" branch="False" />
              </lines>
            </method>
            <method name="GetHashCode" signature="()" line-rate="0" branch-rate="1" complexity="1">
              <lines>
                <line number="87" hits="0" branch="False" />
                <line number="88" hits="0" branch="False" />
                <line number="89" hits="0" branch="False" />
              </lines>
            </method>
            <method name=".ctor" signature="(System.String)" line-rate="1" branch-rate="1" complexity="1">
              <lines>
                <line number="10" hits="222" branch="False" />
                <line number="11" hits="222" branch="False" />
                <line number="12" hits="222" branch="False" />
                <line number="13" hits="222" branch="False" />
              </lines>
            </method>
            <method name=".ctor" signature="(System.Single)" line-rate="1" branch-rate="1" complexity="1">
              <lines>
                <line number="15" hits="12" branch="False" />
                <line number="16" hits="12" branch="False" />
                <line number="17" hits="12" branch="False" />
                <line number="18" hits="12" branch="False" />
              </lines>
            </method>
            <method name=".ctor" signature="(System.Int32)" line-rate="1" branch-rate="1" complexity="1">
              <lines>
                <line number="20" hits="53" branch="False" />
                <line number="21" hits="53" branch="False" />
                <line number="22" hits="53" branch="False" />
                <line number="23" hits="53" branch="False" />
              </lines>
            </method>
          </methods>
          <lines>
            <line number="32" hits="74" branch="False" />
            <line number="33" hits="74" branch="True" condition-coverage="100% (4/4)">
              <conditions>
                <condition number="20" type="jump" coverage="100%" />
                <condition number="28" type="jump" coverage="100%" />
              </conditions>
            </line>
            <line number="34" hits="74" branch="False" />
            <line number="35" hits="57" branch="False" />
            <line number="36" hits="4" branch="False" />
            <line number="37" hits="13" branch="False" />
            <line number="38" hits="74" branch="False" />
            <line number="39" hits="61" branch="False" />
            <line number="45" hits="0" branch="False" />
            <line number="46" hits="0" branch="True" condition-coverage="0% (0/4)">
              <conditions>
                <condition number="20" type="jump" coverage="0%" />
                <condition number="28" type="jump" coverage="0%" />
              </conditions>
            </line>
            <line number="47" hits="0" branch="False" />
            <line number="48" hits="0" branch="False" />
            <line number="49" hits="0" branch="False" />
            <line number="50" hits="0" branch="False" />
            <line number="51" hits="0" branch="False" />
            <line number="52" hits="0" branch="False" />
            <line number="58" hits="0" branch="False" />
            <line number="59" hits="0" branch="True" condition-coverage="0% (0/4)">
              <conditions>
                <condition number="20" type="jump" coverage="0%" />
                <condition number="28" type="jump" coverage="0%" />
              </conditions>
            </line>
            <line number="60" hits="0" branch="False" />
            <line number="61" hits="0" branch="False" />
            <line number="62" hits="0" branch="False" />
            <line number="63" hits="0" branch="False" />
            <line number="64" hits="0" branch="False" />
            <line number="65" hits="0" branch="False" />
            <line number="71" hits="90" branch="False" />
            <line number="72" hits="90" branch="True" condition-coverage="50% (1/2)">
              <conditions>
                <condition number="14" type="jump" coverage="50%" />
              </conditions>
            </line>
            <line number="73" hits="90" branch="False" />
            <line number="74" hits="90" branch="True" condition-coverage="83.33% (5/6)">
              <conditions>
                <condition number="41" type="jump" coverage="100%" />
                <condition number="50" type="jump" coverage="100%" />
                <condition number="69" type="jump" coverage="50%" />
              </conditions>
            </line>
            <line number="75" hits="90" branch="False" />
            <line number="76" hits="69" branch="False" />
            <line number="77" hits="4" branch="False" />
            <line number="78" hits="17" branch="False" />
            <line number="79" hits="0" branch="False" />
            <line number="80" hits="90" branch="False" />
            <line number="83" hits="0" branch="False" />
            <line number="84" hits="90" branch="False" />
            <line number="87" hits="0" branch="False" />
            <line number="88" hits="0" branch="False" />
            <line number="89" hits="0" branch="False" />
            <line number="10" hits="222" branch="False" />
            <line number="11" hits="222" branch="False" />
            <line number="12" hits="222" branch="False" />
            <line number="13" hits="222" branch="False" />
            <line number="15" hits="12" branch="False" />
            <line number="16" hits="12" branch="False" />
            <line number="17" hits="12" branch="False" />
            <line number="18" hits="12" branch="False" />
            <line number="20" hits="53" branch="False" />
            <line number="21" hits="53" branch="False" />
            <line number="22" hits="53" branch="False" />
            <line number="23" hits="53" branch="False" />
          </lines>
        </class>
      </classes>
    </package>
  </packages>
</coverage>